# JRE version: OpenJDK Runtime Environment Temurin-21.0.6+7 (21.0.6+7) (build 21.0.6+7-LTS)
# Java VM: OpenJDK 64-Bit Server VM Temurin-21.0.6+7 (21.0.6+7-LTS, mixed mode, sharing, tiered, compressed oops, compressed class ptrs, parallel gc, windows-amd64)
GC Precious Log:
 CardTable entry size: 512
 CPUs: 20 total, 20 available
 Memory: 16004M
 Large Page Support: Disabled
 NUMA Support: Disabled
 Compressed Oops: Enabled (32-bit)
 Alignments: Space 512K, Generation 512K, Heap 2M
 Heap Min Capacity: 100M
 Heap Initial Capacity: 100M
 Heap Max Capacity: 1G
 Pre-touch: Disabled
 Parallel Workers: 15
Heap:
 PSYoungGen      total 3584K, used 992K [0x00000000eab00000, 0x00000000eb000000, 0x0000000100000000)
  eden space 2560K, 0% used [0x00000000eab00000,0x00000000eab00000,0x00000000ead80000)
  from space 1024K, 96% used [0x00000000eae00000,0x00000000eaef8010,0x00000000eaf00000)
  to   space 1024K, 0% used [0x00000000eaf00000,0x00000000eaf00000,0x00000000eb000000)
 ParOldGen       total 508416K, used 508122K [0x00000000c0000000, 0x00000000df080000, 0x00000000eab00000)
  object space 508416K, 99% used [0x00000000c0000000,0x00000000df036968,0x00000000df080000)
 Metaspace       used 74548K, committed 75968K, reserved 1179648K
  class space    used 8791K, committed 9408K, reserved 1048576K
GC Heap History (20 events):
Event: 18.188 GC heap before
{Heap before GC invocations=468 (full 3):
 PSYoungGen      total 4096K, used 4005K [0x00000000eab00000, 0x00000000eb000000, 0x0000000100000000)
  eden space 3584K, 99% used [0x00000000eab00000,0x00000000eae79490,0x00000000eae80000)
  from space 512K, 87% used [0x00000000eaf80000,0x00000000eaff0000,0x00000000eb000000)
  to   space 512K, 0% used [0x00000000eae80000,0x00000000eae80000,0x00000000eaf00000)
 ParOldGen       total 501248K, used 501130K [0x00000000c0000000, 0x00000000de980000, 0x00000000eab00000)
  object space 501248K, 99% used [0x00000000c0000000,0x00000000de962888,0x00000000de980000)
 Metaspace       used 72766K, committed 74176K, reserved 1114112K
  class space    used 8652K, committed 9280K, reserved 1048576K
}
Event: 18.189 GC heap after
{Heap after GC invocations=468 (full 3):
 PSYoungGen      total 4096K, used 512K [0x00000000eab00000, 0x00000000eb080000, 0x0000000100000000)
  eden space 3584K, 0% used [0x00000000eab00000,0x00000000eab00000,0x00000000eae80000)
  from space 512K, 100% used [0x00000000eae80000,0x00000000eaf00000,0x00000000eaf00000)
  to   space 1024K, 0% used [0x00000000eaf80000,0x00000000eaf80000,0x00000000eb080000)
 ParOldGen       total 501760K, used 501258K [0x00000000c0000000, 0x00000000dea00000, 0x00000000eab00000)
  object space 501760K, 99% used [0x00000000c0000000,0x00000000de982898,0x00000000dea00000)
 Metaspace       used 72766K, committed 74176K, reserved 1114112K
  class space    used 8652K, committed 9280K, reserved 1048576K
}
Event: 18.214 GC heap before
{Heap before GC invocations=469 (full 3):
 PSYoungGen      total 4096K, used 4096K [0x00000000eab00000, 0x00000000eb080000, 0x0000000100000000)
  eden space 3584K, 100% used [0x00000000eab00000,0x00000000eae80000,0x00000000eae80000)
  from space 512K, 100% used [0x00000000eae80000,0x00000000eaf00000,0x00000000eaf00000)
  to   space 1024K, 0% used [0x00000000eaf80000,0x00000000eaf80000,0x00000000eb080000)
 ParOldGen       total 501760K, used 501258K [0x00000000c0000000, 0x00000000dea00000, 0x00000000eab00000)
  object space 501760K, 99% used [0x00000000c0000000,0x00000000de982898,0x00000000dea00000)
 Metaspace       used 73042K, committed 74432K, reserved 1179648K
  class space    used 8676K, committed 9280K, reserved 1048576K
}
Event: 18.215 GC heap after
{Heap after GC invocations=469 (full 3):
 PSYoungGen      total 3584K, used 1024K [0x00000000eab00000, 0x00000000eb280000, 0x0000000100000000)
  eden space 2560K, 0% used [0x00000000eab00000,0x00000000eab00000,0x00000000ead80000)
  from space 1024K, 100% used [0x00000000eaf80000,0x00000000eb080000,0x00000000eb080000)
  to   space 2048K, 0% used [0x00000000ead80000,0x00000000ead80000,0x00000000eaf80000)
 ParOldGen       total 501760K, used 501690K [0x00000000c0000000, 0x00000000dea00000, 0x00000000eab00000)
  object space 501760K, 99% used [0x00000000c0000000,0x00000000de9ee898,0x00000000dea00000)
 Metaspace       used 73042K, committed 74432K, reserved 1179648K
  class space    used 8676K, committed 9280K, reserved 1048576K
}
Event: 18.238 GC heap before
{Heap before GC invocations=470 (full 3):
 PSYoungGen      total 3584K, used 3584K [0x00000000eab00000, 0x00000000eb280000, 0x0000000100000000)
  eden space 2560K, 100% used [0x00000000eab00000,0x00000000ead80000,0x00000000ead80000)
  from space 1024K, 100% used [0x00000000eaf80000,0x00000000eb080000,0x00000000eb080000)
  to   space 2048K, 0% used [0x00000000ead80000,0x00000000ead80000,0x00000000eaf80000)
 ParOldGen       total 501760K, used 501690K [0x00000000c0000000, 0x00000000dea00000, 0x00000000eab00000)
  object space 501760K, 99% used [0x00000000c0000000,0x00000000de9ee898,0x00000000dea00000)
 Metaspace       used 73202K, committed 74624K, reserved 1179648K
  class space    used 8700K, committed 9344K, reserved 1048576K
}
Event: 18.240 GC heap after
{Heap after GC invocations=470 (full 3):
 PSYoungGen      total 4096K, used 1169K [0x00000000eab00000, 0x00000000eb080000, 0x0000000100000000)
  eden space 2560K, 0% used [0x00000000eab00000,0x00000000eab00000,0x00000000ead80000)
  from space 1536K, 76% used [0x00000000ead80000,0x00000000eaea45d0,0x00000000eaf00000)
  to   space 1536K, 0% used [0x00000000eaf00000,0x00000000eaf00000,0x00000000eb080000)
 ParOldGen       total 502784K, used 502419K [0x00000000c0000000, 0x00000000deb00000, 0x00000000eab00000)
  object space 502784K, 99% used [0x00000000c0000000,0x00000000deaa4fb0,0x00000000deb00000)
 Metaspace       used 73202K, committed 74624K, reserved 1179648K
  class space    used 8700K, committed 9344K, reserved 1048576K
}
Event: 18.268 GC heap before
{Heap before GC invocations=471 (full 3):
 PSYoungGen      total 4096K, used 3728K [0x00000000eab00000, 0x00000000eb080000, 0x0000000100000000)
  eden space 2560K, 99% used [0x00000000eab00000,0x00000000ead7fc98,0x00000000ead80000)
  from space 1536K, 76% used [0x00000000ead80000,0x00000000eaea45d0,0x00000000eaf00000)
  to   space 1536K, 0% used [0x00000000eaf00000,0x00000000eaf00000,0x00000000eb080000)
 ParOldGen       total 502784K, used 502419K [0x00000000c0000000, 0x00000000deb00000, 0x00000000eab00000)
  object space 502784K, 99% used [0x00000000c0000000,0x00000000deaa4fb0,0x00000000deb00000)
 Metaspace       used 73387K, committed 74816K, reserved 1179648K
  class space    used 8715K, committed 9344K, reserved 1048576K
}
Event: 18.269 GC heap after
{Heap after GC invocations=471 (full 3):
 PSYoungGen      total 3584K, used 704K [0x00000000eab00000, 0x00000000eb000000, 0x0000000100000000)
  eden space 2560K, 0% used [0x00000000eab00000,0x00000000eab00000,0x00000000ead80000)
  from space 1024K, 68% used [0x00000000eaf00000,0x00000000eafb0000,0x00000000eb000000)
  to   space 1024K, 0% used [0x00000000eae00000,0x00000000eae00000,0x00000000eaf00000)
 ParOldGen       total 503808K, used 503318K [0x00000000c0000000, 0x00000000dec00000, 0x00000000eab00000)
  object space 503808K, 99% used [0x00000000c0000000,0x00000000deb85908,0x00000000dec00000)
 Metaspace       used 73387K, committed 74816K, reserved 1179648K
  class space    used 8715K, committed 9344K, reserved 1048576K
}
Event: 18.293 GC heap before
{Heap before GC invocations=472 (full 3):
 PSYoungGen      total 3584K, used 3264K [0x00000000eab00000, 0x00000000eb000000, 0x0000000100000000)
  eden space 2560K, 100% used [0x00000000eab00000,0x00000000ead80000,0x00000000ead80000)
  from space 1024K, 68% used [0x00000000eaf00000,0x00000000eafb0000,0x00000000eb000000)
  to   space 1024K, 0% used [0x00000000eae00000,0x00000000eae00000,0x00000000eaf00000)
 ParOldGen       total 503808K, used 503318K [0x00000000c0000000, 0x00000000dec00000, 0x00000000eab00000)
  object space 503808K, 99% used [0x00000000c0000000,0x00000000deb85908,0x00000000dec00000)
 Metaspace       used 73543K, committed 74944K, reserved 1179648K
  class space    used 8723K, committed 9344K, reserved 1048576K
}
Event: 18.295 GC heap after
{Heap after GC invocations=472 (full 3):
 PSYoungGen      total 3584K, used 787K [0x00000000eab00000, 0x00000000eaf80000, 0x0000000100000000)
  eden space 2560K, 0% used [0x00000000eab00000,0x00000000eab00000,0x00000000ead80000)
  from space 1024K, 76% used [0x00000000eae00000,0x00000000eaec4c88,0x00000000eaf00000)
  to   space 512K, 0% used [0x00000000eaf00000,0x00000000eaf00000,0x00000000eaf80000)
 ParOldGen       total 504320K, used 503844K [0x00000000c0000000, 0x00000000dec80000, 0x00000000eab00000)
  object space 504320K, 99% used [0x00000000c0000000,0x00000000dec09210,0x00000000dec80000)
 Metaspace       used 73543K, committed 74944K, reserved 1179648K
  class space    used 8723K, committed 9344K, reserved 1048576K
}
Event: 18.323 GC heap before
{Heap before GC invocations=473 (full 3):
 PSYoungGen      total 3584K, used 3347K [0x00000000eab00000, 0x00000000eaf80000, 0x0000000100000000)
  eden space 2560K, 100% used [0x00000000eab00000,0x00000000ead80000,0x00000000ead80000)
  from space 1024K, 76% used [0x00000000eae00000,0x00000000eaec4c88,0x00000000eaf00000)
  to   space 512K, 0% used [0x00000000eaf00000,0x00000000eaf00000,0x00000000eaf80000)
 ParOldGen       total 504320K, used 503844K [0x00000000c0000000, 0x00000000dec80000, 0x00000000eab00000)
  object space 504320K, 99% used [0x00000000c0000000,0x00000000dec09210,0x00000000dec80000)
 Metaspace       used 73747K, committed 75200K, reserved 1179648K
  class space    used 8729K, committed 9344K, reserved 1048576K
}
Event: 18.324 GC heap after
{Heap after GC invocations=473 (full 3):
 PSYoungGen      total 3072K, used 512K [0x00000000eab00000, 0x00000000eb080000, 0x0000000100000000)
  eden space 2560K, 0% used [0x00000000eab00000,0x00000000eab00000,0x00000000ead80000)
  from space 512K, 100% used [0x00000000eaf00000,0x00000000eaf80000,0x00000000eaf80000)
  to   space 1536K, 0% used [0x00000000ead80000,0x00000000ead80000,0x00000000eaf00000)
 ParOldGen       total 504832K, used 504673K [0x00000000c0000000, 0x00000000ded00000, 0x00000000eab00000)
  object space 504832K, 99% used [0x00000000c0000000,0x00000000decd86a8,0x00000000ded00000)
 Metaspace       used 73747K, committed 75200K, reserved 1179648K
  class space    used 8729K, committed 9344K, reserved 1048576K
}
Event: 18.336 GC heap before
{Heap before GC invocations=474 (full 3):
 PSYoungGen      total 3072K, used 3072K [0x00000000eab00000, 0x00000000eb080000, 0x0000000100000000)
  eden space 2560K, 100% used [0x00000000eab00000,0x00000000ead80000,0x00000000ead80000)
  from space 512K, 100% used [0x00000000eaf00000,0x00000000eaf80000,0x00000000eaf80000)
  to   space 1536K, 0% used [0x00000000ead80000,0x00000000ead80000,0x00000000eaf00000)
 ParOldGen       total 504832K, used 504673K [0x00000000c0000000, 0x00000000ded00000, 0x00000000eab00000)
  object space 504832K, 99% used [0x00000000c0000000,0x00000000decd86a8,0x00000000ded00000)
 Metaspace       used 73801K, committed 75264K, reserved 1179648K
  class space    used 8730K, committed 9344K, reserved 1048576K
}
Event: 18.337 GC heap after
{Heap after GC invocations=474 (full 3):
 PSYoungGen      total 4096K, used 1088K [0x00000000eab00000, 0x00000000eb080000, 0x0000000100000000)
  eden space 2560K, 0% used [0x00000000eab00000,0x00000000eab00000,0x00000000ead80000)
  from space 1536K, 70% used [0x00000000ead80000,0x00000000eae90000,0x00000000eaf00000)
  to   space 1536K, 0% used [0x00000000eaf00000,0x00000000eaf00000,0x00000000eb080000)
 ParOldGen       total 505344K, used 505192K [0x00000000c0000000, 0x00000000ded80000, 0x00000000eab00000)
  object space 505344K, 99% used [0x00000000c0000000,0x00000000ded5a3b8,0x00000000ded80000)
 Metaspace       used 73801K, committed 75264K, reserved 1179648K
  class space    used 8730K, committed 9344K, reserved 1048576K
}
Event: 18.359 GC heap before
{Heap before GC invocations=475 (full 3):
 PSYoungGen      total 4096K, used 3648K [0x00000000eab00000, 0x00000000eb080000, 0x0000000100000000)
  eden space 2560K, 100% used [0x00000000eab00000,0x00000000ead80000,0x00000000ead80000)
  from space 1536K, 70% used [0x00000000ead80000,0x00000000eae90000,0x00000000eaf00000)
  to   space 1536K, 0% used [0x00000000eaf00000,0x00000000eaf00000,0x00000000eb080000)
 ParOldGen       total 505344K, used 505192K [0x00000000c0000000, 0x00000000ded80000, 0x00000000eab00000)
  object space 505344K, 99% used [0x00000000c0000000,0x00000000ded5a3b8,0x00000000ded80000)
 Metaspace       used 73939K, committed 75328K, reserved 1179648K
  class space    used 8740K, committed 9344K, reserved 1048576K
}
Event: 18.361 GC heap after
{Heap after GC invocations=475 (full 3):
 PSYoungGen      total 3584K, used 736K [0x00000000eab00000, 0x00000000eb000000, 0x0000000100000000)
  eden space 2560K, 0% used [0x00000000eab00000,0x00000000eab00000,0x00000000ead80000)
  from space 1024K, 71% used [0x00000000eaf00000,0x00000000eafb8000,0x00000000eb000000)
  to   space 1024K, 0% used [0x00000000eae00000,0x00000000eae00000,0x00000000eaf00000)
 ParOldGen       total 506368K, used 506118K [0x00000000c0000000, 0x00000000dee80000, 0x00000000eab00000)
  object space 506368K, 99% used [0x00000000c0000000,0x00000000dee41980,0x00000000dee80000)
 Metaspace       used 73939K, committed 75328K, reserved 1179648K
  class space    used 8740K, committed 9344K, reserved 1048576K
}
Event: 18.380 GC heap before
{Heap before GC invocations=476 (full 3):
 PSYoungGen      total 3584K, used 3295K [0x00000000eab00000, 0x00000000eb000000, 0x0000000100000000)
  eden space 2560K, 99% used [0x00000000eab00000,0x00000000ead7fff0,0x00000000ead80000)
  from space 1024K, 71% used [0x00000000eaf00000,0x00000000eafb8000,0x00000000eb000000)
  to   space 1024K, 0% used [0x00000000eae00000,0x00000000eae00000,0x00000000eaf00000)
 ParOldGen       total 506368K, used 506118K [0x00000000c0000000, 0x00000000dee80000, 0x00000000eab00000)
  object space 506368K, 99% used [0x00000000c0000000,0x00000000dee41980,0x00000000dee80000)
 Metaspace       used 74190K, committed 75648K, reserved 1179648K
  class space    used 8759K, committed 9408K, reserved 1048576K
}
Event: 18.382 GC heap after
{Heap after GC invocations=476 (full 3):
 PSYoungGen      total 3584K, used 1024K [0x00000000eab00000, 0x00000000eb080000, 0x0000000100000000)
  eden space 2560K, 0% used [0x00000000eab00000,0x00000000eab00000,0x00000000ead80000)
  from space 1024K, 100% used [0x00000000eae00000,0x00000000eaf00000,0x00000000eaf00000)
  to   space 1536K, 0% used [0x00000000eaf00000,0x00000000eaf00000,0x00000000eb080000)
 ParOldGen       total 506880K, used 506636K [0x00000000c0000000, 0x00000000def00000, 0x00000000eab00000)
  object space 506880K, 99% used [0x00000000c0000000,0x00000000deec3098,0x00000000def00000)
 Metaspace       used 74190K, committed 75648K, reserved 1179648K
  class space    used 8759K, committed 9408K, reserved 1048576K
}
Event: 18.416 GC heap before
{Heap before GC invocations=477 (full 3):
 PSYoungGen      total 3584K, used 3584K [0x00000000eab00000, 0x00000000eb080000, 0x0000000100000000)
  eden space 2560K, 100% used [0x00000000eab00000,0x00000000ead80000,0x00000000ead80000)
  from space 1024K, 100% used [0x00000000eae00000,0x00000000eaf00000,0x00000000eaf00000)
  to   space 1536K, 0% used [0x00000000eaf00000,0x00000000eaf00000,0x00000000eb080000)
 ParOldGen       total 506880K, used 506636K [0x00000000c0000000, 0x00000000def00000, 0x00000000eab00000)
  object space 506880K, 99% used [0x00000000c0000000,0x00000000deec3098,0x00000000def00000)
 Metaspace       used 74468K, committed 75904K, reserved 1179648K
  class space    used 8783K, committed 9408K, reserved 1048576K
}
Event: 18.417 GC heap after
{Heap after GC invocations=477 (full 3):
 PSYoungGen      total 3584K, used 775K [0x00000000eab00000, 0x00000000eb000000, 0x0000000100000000)
  eden space 2560K, 0% used [0x00000000eab00000,0x00000000eab00000,0x00000000ead80000)
  from space 1024K, 75% used [0x00000000eaf00000,0x00000000eafc1e18,0x00000000eb000000)
  to   space 1024K, 0% used [0x00000000eae00000,0x00000000eae00000,0x00000000eaf00000)
 ParOldGen       total 507904K, used 507436K [0x00000000c0000000, 0x00000000df000000, 0x00000000eab00000)
  object space 507904K, 99% used [0x00000000c0000000,0x00000000def8b220,0x00000000df000000)
 Metaspace       used 74468K, committed 75904K, reserved 1179648K
  class space    used 8783K, committed 9408K, reserved 1048576K
}

