# JRE version: OpenJDK Runtime Environment Temurin-11.0.26+4 (11.0.26+4) (build 11.0.26+4)
# Java VM: OpenJDK 64-Bit Server VM Temurin-11.0.26+4 (11.0.26+4, mixed mode, tiered, compressed oops, g1 gc, windows-amd64)
Heap:
 garbage-first heap   total 258048K, used 57017K [0x0000000080000000, 0x0000000100000000)
  region size 1024K, 33 young (33792K), 12 survivors (12288K)
 Metaspace       used 55354K, capacity 57186K, committed 57472K, reserved 567296K
  class space    used 7201K, capacity 7942K, committed 8064K, reserved 516096K
GC Heap History (14 events):
Event: 0.330 GC heap before
{Heap before GC invocations=0 (full 0):
 garbage-first heap   total 258048K, used 23552K [0x0000000080000000, 0x0000000100000000)
  region size 1024K, 24 young (24576K), 0 survivors (0K)
 Metaspace       used 7343K, capacity 7457K, committed 7680K, reserved 524288K
  class space    used 621K, capacity 657K, committed 768K, reserved 516096K
}
Event: 0.331 GC heap after
{Heap after GC invocations=1 (full 0):
 garbage-first heap   total 258048K, used 3555K [0x0000000080000000, 0x0000000100000000)
  region size 1024K, 3 young (3072K), 3 survivors (3072K)
 Metaspace       used 7343K, capacity 7457K, committed 7680K, reserved 524288K
  class space    used 621K, capacity 657K, committed 768K, reserved 516096K
}
Event: 1.662 GC heap before
{Heap before GC invocations=1 (full 0):
 garbage-first heap   total 258048K, used 160227K [0x0000000080000000, 0x0000000100000000)
  region size 1024K, 151 young (154624K), 3 survivors (3072K)
 Metaspace       used 18912K, capacity 19285K, committed 19456K, reserved 534528K
  class space    used 2107K, capacity 2217K, committed 2304K, reserved 516096K
}
Event: 1.668 GC heap after
{Heap after GC invocations=2 (full 0):
 garbage-first heap   total 258048K, used 19053K [0x0000000080000000, 0x0000000100000000)
  region size 1024K, 15 young (15360K), 15 survivors (15360K)
 Metaspace       used 18912K, capacity 19285K, committed 19456K, reserved 534528K
  class space    used 2107K, capacity 2217K, committed 2304K, reserved 516096K
}
Event: 1.773 GC heap before
{Heap before GC invocations=2 (full 0):
 garbage-first heap   total 258048K, used 38509K [0x0000000080000000, 0x0000000100000000)
  region size 1024K, 35 young (35840K), 15 survivors (15360K)
 Metaspace       used 20827K, capacity 21176K, committed 21248K, reserved 536576K
  class space    used 2367K, capacity 2528K, committed 2560K, reserved 516096K
}
Event: 1.779 GC heap after
{Heap after GC invocations=3 (full 0):
 garbage-first heap   total 258048K, used 20501K [0x0000000080000000, 0x0000000100000000)
  region size 1024K, 2 young (2048K), 2 survivors (2048K)
 Metaspace       used 20827K, capacity 21176K, committed 21248K, reserved 536576K
  class space    used 2367K, capacity 2528K, committed 2560K, reserved 516096K
}
Event: 2.534 GC heap before
{Heap before GC invocations=4 (full 0):
 garbage-first heap   total 258048K, used 172053K [0x0000000080000000, 0x0000000100000000)
  region size 1024K, 151 young (154624K), 2 survivors (2048K)
 Metaspace       used 30455K, capacity 31033K, committed 31232K, reserved 544768K
  class space    used 3798K, capacity 4051K, committed 4096K, reserved 516096K
}
Event: 2.536 GC heap after
{Heap after GC invocations=5 (full 0):
 garbage-first heap   total 258048K, used 23850K [0x0000000080000000, 0x0000000100000000)
  region size 1024K, 5 young (5120K), 5 survivors (5120K)
 Metaspace       used 30455K, capacity 31033K, committed 31232K, reserved 544768K
  class space    used 3798K, capacity 4051K, committed 4096K, reserved 516096K
}
Event: 3.000 GC heap before
{Heap before GC invocations=5 (full 0):
 garbage-first heap   total 258048K, used 100650K [0x0000000080000000, 0x0000000100000000)
  region size 1024K, 81 young (82944K), 5 survivors (5120K)
 Metaspace       used 35012K, capacity 35806K, committed 35840K, reserved 548864K
  class space    used 4500K, capacity 4838K, committed 4864K, reserved 516096K
}
Event: 3.004 GC heap after
{Heap after GC invocations=6 (full 0):
 garbage-first heap   total 258048K, used 25043K [0x0000000080000000, 0x0000000100000000)
  region size 1024K, 6 young (6144K), 6 survivors (6144K)
 Metaspace       used 35012K, capacity 35806K, committed 35840K, reserved 548864K
  class space    used 4500K, capacity 4838K, committed 4864K, reserved 516096K
}
Event: 4.175 GC heap before
{Heap before GC invocations=7 (full 0):
 garbage-first heap   total 258048K, used 177619K [0x0000000080000000, 0x0000000100000000)
  region size 1024K, 151 young (154624K), 6 survivors (6144K)
 Metaspace       used 48001K, capacity 49297K, committed 49408K, reserved 559104K
  class space    used 6070K, capacity 6567K, committed 6656K, reserved 516096K
}
Event: 4.180 GC heap after
{Heap after GC invocations=8 (full 0):
 garbage-first heap   total 258048K, used 33324K [0x0000000080000000, 0x0000000100000000)
  region size 1024K, 14 young (14336K), 14 survivors (14336K)
 Metaspace       used 48001K, capacity 49297K, committed 49408K, reserved 559104K
  class space    used 6070K, capacity 6567K, committed 6656K, reserved 516096K
}
Event: 6.109 GC heap before
{Heap before GC invocations=8 (full 0):
 garbage-first heap   total 258048K, used 173612K [0x0000000080000000, 0x0000000100000000)
  region size 1024K, 151 young (154624K), 14 survivors (14336K)
 Metaspace       used 54277K, capacity 55940K, committed 56192K, reserved 565248K
  class space    used 7035K, capacity 7682K, committed 7808K, reserved 516096K
}
Event: 6.113 GC heap after
{Heap after GC invocations=9 (full 0):
 garbage-first heap   total 258048K, used 36537K [0x0000000080000000, 0x0000000100000000)
  region size 1024K, 12 young (12288K), 12 survivors (12288K)
 Metaspace       used 54277K, capacity 55940K, committed 56192K, reserved 565248K
  class space    used 7035K, capacity 7682K, committed 7808K, reserved 516096K
}

