# JRE version: OpenJDK Runtime Environment Temurin-21.0.6+7 (21.0.6+7) (build 21.0.6+7-LTS)
# Java VM: OpenJDK 64-Bit Server VM Temurin-21.0.6+7 (21.0.6+7-LTS, mixed mode, sharing, tiered, compressed oops, compressed class ptrs, parallel gc, windows-amd64)
GC Precious Log:
 CardTable entry size: 512
 CPUs: 20 total, 20 available
 Memory: 16004M
 Large Page Support: Disabled
 NUMA Support: Disabled
 Compressed Oops: Enabled (32-bit)
 Alignments: Space 512K, Generation 512K, Heap 2M
 Heap Min Capacity: 100M
 Heap Initial Capacity: 100M
 Heap Max Capacity: 1G
 Pre-touch: Disabled
 Parallel Workers: 15
Heap:
 PSYoungGen      total 4608K, used 1010K [0x00000000eab00000, 0x00000000eb080000, 0x0000000100000000)
  eden space 3584K, 0% used [0x00000000eab00000,0x00000000eab00000,0x00000000eae80000)
  from space 1024K, 98% used [0x00000000eaf80000,0x00000000eb07c8e8,0x00000000eb080000)
  to   space 1024K, 0% used [0x00000000eae80000,0x00000000eae80000,0x00000000eaf80000)
 ParOldGen       total 299008K, used 298638K [0x00000000c0000000, 0x00000000d2400000, 0x00000000eab00000)
  object space 299008K, 99% used [0x00000000c0000000,0x00000000d23a3b98,0x00000000d2400000)
 Metaspace       used 63288K, committed 64640K, reserved 1114112K
  class space    used 7652K, committed 8256K, reserved 1048576K
GC Heap History (20 events):
Event: 5.861 GC heap after
{Heap after GC invocations=299 (full 3):
 PSYoungGen      total 4608K, used 753K [0x00000000eab00000, 0x00000000eb080000, 0x0000000100000000)
  eden space 3584K, 0% used [0x00000000eab00000,0x00000000eab00000,0x00000000eae80000)
  from space 1024K, 73% used [0x00000000eaf80000,0x00000000eb03c4f0,0x00000000eb080000)
  to   space 1024K, 0% used [0x00000000eae80000,0x00000000eae80000,0x00000000eaf80000)
 ParOldGen       total 292864K, used 292377K [0x00000000c0000000, 0x00000000d1e00000, 0x00000000eab00000)
  object space 292864K, 99% used [0x00000000c0000000,0x00000000d1d866a8,0x00000000d1e00000)
 Metaspace       used 63275K, committed 64640K, reserved 1114112K
  class space    used 7650K, committed 8256K, reserved 1048576K
}
Event: 5.865 GC heap before
{Heap before GC invocations=300 (full 3):
 PSYoungGen      total 4608K, used 4337K [0x00000000eab00000, 0x00000000eb080000, 0x0000000100000000)
  eden space 3584K, 100% used [0x00000000eab00000,0x00000000eae80000,0x00000000eae80000)
  from space 1024K, 73% used [0x00000000eaf80000,0x00000000eb03c4f0,0x00000000eb080000)
  to   space 1024K, 0% used [0x00000000eae80000,0x00000000eae80000,0x00000000eaf80000)
 ParOldGen       total 292864K, used 292377K [0x00000000c0000000, 0x00000000d1e00000, 0x00000000eab00000)
  object space 292864K, 99% used [0x00000000c0000000,0x00000000d1d866a8,0x00000000d1e00000)
 Metaspace       used 63275K, committed 64640K, reserved 1114112K
  class space    used 7650K, committed 8256K, reserved 1048576K
}
Event: 5.866 GC heap after
{Heap after GC invocations=300 (full 3):
 PSYoungGen      total 4608K, used 801K [0x00000000eab00000, 0x00000000eb080000, 0x0000000100000000)
  eden space 3584K, 0% used [0x00000000eab00000,0x00000000eab00000,0x00000000eae80000)
  from space 1024K, 78% used [0x00000000eae80000,0x00000000eaf48618,0x00000000eaf80000)
  to   space 1024K, 0% used [0x00000000eaf80000,0x00000000eaf80000,0x00000000eb080000)
 ParOldGen       total 293376K, used 292935K [0x00000000c0000000, 0x00000000d1e80000, 0x00000000eab00000)
  object space 293376K, 99% used [0x00000000c0000000,0x00000000d1e11e90,0x00000000d1e80000)
 Metaspace       used 63275K, committed 64640K, reserved 1114112K
  class space    used 7650K, committed 8256K, reserved 1048576K
}
Event: 5.869 GC heap before
{Heap before GC invocations=301 (full 3):
 PSYoungGen      total 4608K, used 4385K [0x00000000eab00000, 0x00000000eb080000, 0x0000000100000000)
  eden space 3584K, 100% used [0x00000000eab00000,0x00000000eae80000,0x00000000eae80000)
  from space 1024K, 78% used [0x00000000eae80000,0x00000000eaf48618,0x00000000eaf80000)
  to   space 1024K, 0% used [0x00000000eaf80000,0x00000000eaf80000,0x00000000eb080000)
 ParOldGen       total 293376K, used 292935K [0x00000000c0000000, 0x00000000d1e80000, 0x00000000eab00000)
  object space 293376K, 99% used [0x00000000c0000000,0x00000000d1e11e90,0x00000000d1e80000)
 Metaspace       used 63275K, committed 64640K, reserved 1114112K
  class space    used 7650K, committed 8256K, reserved 1048576K
}
Event: 5.870 GC heap after
{Heap after GC invocations=301 (full 3):
 PSYoungGen      total 4608K, used 883K [0x00000000eab00000, 0x00000000eb080000, 0x0000000100000000)
  eden space 3584K, 0% used [0x00000000eab00000,0x00000000eab00000,0x00000000eae80000)
  from space 1024K, 86% used [0x00000000eaf80000,0x00000000eb05ce58,0x00000000eb080000)
  to   space 1024K, 0% used [0x00000000eae80000,0x00000000eae80000,0x00000000eaf80000)
 ParOldGen       total 293888K, used 293494K [0x00000000c0000000, 0x00000000d1f00000, 0x00000000eab00000)
  object space 293888K, 99% used [0x00000000c0000000,0x00000000d1e9d890,0x00000000d1f00000)
 Metaspace       used 63275K, committed 64640K, reserved 1114112K
  class space    used 7650K, committed 8256K, reserved 1048576K
}
Event: 5.873 GC heap before
{Heap before GC invocations=302 (full 3):
 PSYoungGen      total 4608K, used 4467K [0x00000000eab00000, 0x00000000eb080000, 0x0000000100000000)
  eden space 3584K, 100% used [0x00000000eab00000,0x00000000eae80000,0x00000000eae80000)
  from space 1024K, 86% used [0x00000000eaf80000,0x00000000eb05ce58,0x00000000eb080000)
  to   space 1024K, 0% used [0x00000000eae80000,0x00000000eae80000,0x00000000eaf80000)
 ParOldGen       total 293888K, used 293494K [0x00000000c0000000, 0x00000000d1f00000, 0x00000000eab00000)
  object space 293888K, 99% used [0x00000000c0000000,0x00000000d1e9d890,0x00000000d1f00000)
 Metaspace       used 63275K, committed 64640K, reserved 1114112K
  class space    used 7650K, committed 8256K, reserved 1048576K
}
Event: 5.874 GC heap after
{Heap after GC invocations=302 (full 3):
 PSYoungGen      total 4608K, used 752K [0x00000000eab00000, 0x00000000eb080000, 0x0000000100000000)
  eden space 3584K, 0% used [0x00000000eab00000,0x00000000eab00000,0x00000000eae80000)
  from space 1024K, 73% used [0x00000000eae80000,0x00000000eaf3c170,0x00000000eaf80000)
  to   space 1024K, 0% used [0x00000000eaf80000,0x00000000eaf80000,0x00000000eb080000)
 ParOldGen       total 294400K, used 294099K [0x00000000c0000000, 0x00000000d1f80000, 0x00000000eab00000)
  object space 294400K, 99% used [0x00000000c0000000,0x00000000d1f34e68,0x00000000d1f80000)
 Metaspace       used 63275K, committed 64640K, reserved 1114112K
  class space    used 7650K, committed 8256K, reserved 1048576K
}
Event: 5.878 GC heap before
{Heap before GC invocations=303 (full 3):
 PSYoungGen      total 4608K, used 4333K [0x00000000eab00000, 0x00000000eb080000, 0x0000000100000000)
  eden space 3584K, 99% used [0x00000000eab00000,0x00000000eae7f2b0,0x00000000eae80000)
  from space 1024K, 73% used [0x00000000eae80000,0x00000000eaf3c170,0x00000000eaf80000)
  to   space 1024K, 0% used [0x00000000eaf80000,0x00000000eaf80000,0x00000000eb080000)
 ParOldGen       total 294400K, used 294099K [0x00000000c0000000, 0x00000000d1f80000, 0x00000000eab00000)
  object space 294400K, 99% used [0x00000000c0000000,0x00000000d1f34e68,0x00000000d1f80000)
 Metaspace       used 63275K, committed 64640K, reserved 1114112K
  class space    used 7650K, committed 8256K, reserved 1048576K
}
Event: 5.878 GC heap after
{Heap after GC invocations=303 (full 3):
 PSYoungGen      total 4608K, used 848K [0x00000000eab00000, 0x00000000eb080000, 0x0000000100000000)
  eden space 3584K, 0% used [0x00000000eab00000,0x00000000eab00000,0x00000000eae80000)
  from space 1024K, 82% used [0x00000000eaf80000,0x00000000eb0541f0,0x00000000eb080000)
  to   space 1024K, 0% used [0x00000000eae80000,0x00000000eae80000,0x00000000eaf80000)
 ParOldGen       total 294912K, used 294697K [0x00000000c0000000, 0x00000000d2000000, 0x00000000eab00000)
  object space 294912K, 99% used [0x00000000c0000000,0x00000000d1fca7d0,0x00000000d2000000)
 Metaspace       used 63275K, committed 64640K, reserved 1114112K
  class space    used 7650K, committed 8256K, reserved 1048576K
}
Event: 5.994 GC heap before
{Heap before GC invocations=304 (full 3):
 PSYoungGen      total 4608K, used 4432K [0x00000000eab00000, 0x00000000eb080000, 0x0000000100000000)
  eden space 3584K, 100% used [0x00000000eab00000,0x00000000eae80000,0x00000000eae80000)
  from space 1024K, 82% used [0x00000000eaf80000,0x00000000eb0541f0,0x00000000eb080000)
  to   space 1024K, 0% used [0x00000000eae80000,0x00000000eae80000,0x00000000eaf80000)
 ParOldGen       total 294912K, used 294697K [0x00000000c0000000, 0x00000000d2000000, 0x00000000eab00000)
  object space 294912K, 99% used [0x00000000c0000000,0x00000000d1fca7d0,0x00000000d2000000)
 Metaspace       used 63275K, committed 64640K, reserved 1114112K
  class space    used 7650K, committed 8256K, reserved 1048576K
}
Event: 5.995 GC heap after
{Heap after GC invocations=304 (full 3):
 PSYoungGen      total 4608K, used 729K [0x00000000eab00000, 0x00000000eb080000, 0x0000000100000000)
  eden space 3584K, 0% used [0x00000000eab00000,0x00000000eab00000,0x00000000eae80000)
  from space 1024K, 71% used [0x00000000eae80000,0x00000000eaf366f0,0x00000000eaf80000)
  to   space 1024K, 0% used [0x00000000eaf80000,0x00000000eaf80000,0x00000000eb080000)
 ParOldGen       total 295424K, used 295257K [0x00000000c0000000, 0x00000000d2080000, 0x00000000eab00000)
  object space 295424K, 99% used [0x00000000c0000000,0x00000000d2056738,0x00000000d2080000)
 Metaspace       used 63275K, committed 64640K, reserved 1114112K
  class space    used 7650K, committed 8256K, reserved 1048576K
}
Event: 6.002 GC heap before
{Heap before GC invocations=305 (full 3):
 PSYoungGen      total 4608K, used 4313K [0x00000000eab00000, 0x00000000eb080000, 0x0000000100000000)
  eden space 3584K, 100% used [0x00000000eab00000,0x00000000eae80000,0x00000000eae80000)
  from space 1024K, 71% used [0x00000000eae80000,0x00000000eaf366f0,0x00000000eaf80000)
  to   space 1024K, 0% used [0x00000000eaf80000,0x00000000eaf80000,0x00000000eb080000)
 ParOldGen       total 295424K, used 295257K [0x00000000c0000000, 0x00000000d2080000, 0x00000000eab00000)
  object space 295424K, 99% used [0x00000000c0000000,0x00000000d2056738,0x00000000d2080000)
 Metaspace       used 63275K, committed 64640K, reserved 1114112K
  class space    used 7650K, committed 8256K, reserved 1048576K
}
Event: 6.003 GC heap after
{Heap after GC invocations=305 (full 3):
 PSYoungGen      total 4608K, used 832K [0x00000000eab00000, 0x00000000eb080000, 0x0000000100000000)
  eden space 3584K, 0% used [0x00000000eab00000,0x00000000eab00000,0x00000000eae80000)
  from space 1024K, 81% used [0x00000000eaf80000,0x00000000eb050000,0x00000000eb080000)
  to   space 1024K, 0% used [0x00000000eae80000,0x00000000eae80000,0x00000000eaf80000)
 ParOldGen       total 295936K, used 295756K [0x00000000c0000000, 0x00000000d2100000, 0x00000000eab00000)
  object space 295936K, 99% used [0x00000000c0000000,0x00000000d20d3130,0x00000000d2100000)
 Metaspace       used 63275K, committed 64640K, reserved 1114112K
  class space    used 7650K, committed 8256K, reserved 1048576K
}
Event: 6.007 GC heap before
{Heap before GC invocations=306 (full 3):
 PSYoungGen      total 4608K, used 4416K [0x00000000eab00000, 0x00000000eb080000, 0x0000000100000000)
  eden space 3584K, 100% used [0x00000000eab00000,0x00000000eae80000,0x00000000eae80000)
  from space 1024K, 81% used [0x00000000eaf80000,0x00000000eb050000,0x00000000eb080000)
  to   space 1024K, 0% used [0x00000000eae80000,0x00000000eae80000,0x00000000eaf80000)
 ParOldGen       total 295936K, used 295756K [0x00000000c0000000, 0x00000000d2100000, 0x00000000eab00000)
  object space 295936K, 99% used [0x00000000c0000000,0x00000000d20d3130,0x00000000d2100000)
 Metaspace       used 63275K, committed 64640K, reserved 1114112K
  class space    used 7650K, committed 8256K, reserved 1048576K
}
Event: 6.008 GC heap after
{Heap after GC invocations=306 (full 3):
 PSYoungGen      total 4608K, used 864K [0x00000000eab00000, 0x00000000eb080000, 0x0000000100000000)
  eden space 3584K, 0% used [0x00000000eab00000,0x00000000eab00000,0x00000000eae80000)
  from space 1024K, 84% used [0x00000000eae80000,0x00000000eaf58000,0x00000000eaf80000)
  to   space 1024K, 0% used [0x00000000eaf80000,0x00000000eaf80000,0x00000000eb080000)
 ParOldGen       total 296960K, used 296478K [0x00000000c0000000, 0x00000000d2200000, 0x00000000eab00000)
  object space 296960K, 99% used [0x00000000c0000000,0x00000000d2187930,0x00000000d2200000)
 Metaspace       used 63275K, committed 64640K, reserved 1114112K
  class space    used 7650K, committed 8256K, reserved 1048576K
}
Event: 6.012 GC heap before
{Heap before GC invocations=307 (full 3):
 PSYoungGen      total 4608K, used 4448K [0x00000000eab00000, 0x00000000eb080000, 0x0000000100000000)
  eden space 3584K, 100% used [0x00000000eab00000,0x00000000eae80000,0x00000000eae80000)
  from space 1024K, 84% used [0x00000000eae80000,0x00000000eaf58000,0x00000000eaf80000)
  to   space 1024K, 0% used [0x00000000eaf80000,0x00000000eaf80000,0x00000000eb080000)
 ParOldGen       total 296960K, used 296478K [0x00000000c0000000, 0x00000000d2200000, 0x00000000eab00000)
  object space 296960K, 99% used [0x00000000c0000000,0x00000000d2187930,0x00000000d2200000)
 Metaspace       used 63275K, committed 64640K, reserved 1114112K
  class space    used 7650K, committed 8256K, reserved 1048576K
}
Event: 6.013 GC heap after
{Heap after GC invocations=307 (full 3):
 PSYoungGen      total 4608K, used 928K [0x00000000eab00000, 0x00000000eb080000, 0x0000000100000000)
  eden space 3584K, 0% used [0x00000000eab00000,0x00000000eab00000,0x00000000eae80000)
  from space 1024K, 90% used [0x00000000eaf80000,0x00000000eb068000,0x00000000eb080000)
  to   space 1024K, 0% used [0x00000000eae80000,0x00000000eae80000,0x00000000eaf80000)
 ParOldGen       total 297472K, used 297216K [0x00000000c0000000, 0x00000000d2280000, 0x00000000eab00000)
  object space 297472K, 99% used [0x00000000c0000000,0x00000000d2240110,0x00000000d2280000)
 Metaspace       used 63275K, committed 64640K, reserved 1114112K
  class space    used 7650K, committed 8256K, reserved 1048576K
}
Event: 6.019 GC heap before
{Heap before GC invocations=308 (full 3):
 PSYoungGen      total 4608K, used 4512K [0x00000000eab00000, 0x00000000eb080000, 0x0000000100000000)
  eden space 3584K, 100% used [0x00000000eab00000,0x00000000eae80000,0x00000000eae80000)
  from space 1024K, 90% used [0x00000000eaf80000,0x00000000eb068000,0x00000000eb080000)
  to   space 1024K, 0% used [0x00000000eae80000,0x00000000eae80000,0x00000000eaf80000)
 ParOldGen       total 297472K, used 297216K [0x00000000c0000000, 0x00000000d2280000, 0x00000000eab00000)
  object space 297472K, 99% used [0x00000000c0000000,0x00000000d2240110,0x00000000d2280000)
 Metaspace       used 63286K, committed 64640K, reserved 1114112K
  class space    used 7651K, committed 8256K, reserved 1048576K
}
Event: 6.019 GC heap after
{Heap after GC invocations=308 (full 3):
 PSYoungGen      total 4608K, used 978K [0x00000000eab00000, 0x00000000eb080000, 0x0000000100000000)
  eden space 3584K, 0% used [0x00000000eab00000,0x00000000eab00000,0x00000000eae80000)
  from space 1024K, 95% used [0x00000000eae80000,0x00000000eaf74bc8,0x00000000eaf80000)
  to   space 1024K, 0% used [0x00000000eaf80000,0x00000000eaf80000,0x00000000eb080000)
 ParOldGen       total 297984K, used 297892K [0x00000000c0000000, 0x00000000d2300000, 0x00000000eab00000)
  object space 297984K, 99% used [0x00000000c0000000,0x00000000d22e91f8,0x00000000d2300000)
 Metaspace       used 63286K, committed 64640K, reserved 1114112K
  class space    used 7651K, committed 8256K, reserved 1048576K
}
Event: 6.025 GC heap before
{Heap before GC invocations=309 (full 3):
 PSYoungGen      total 4608K, used 4408K [0x00000000eab00000, 0x00000000eb080000, 0x0000000100000000)
  eden space 3584K, 95% used [0x00000000eab00000,0x00000000eae59570,0x00000000eae80000)
  from space 1024K, 95% used [0x00000000eae80000,0x00000000eaf74bc8,0x00000000eaf80000)
  to   space 1024K, 0% used [0x00000000eaf80000,0x00000000eaf80000,0x00000000eb080000)
 ParOldGen       total 297984K, used 297892K [0x00000000c0000000, 0x00000000d2300000, 0x00000000eab00000)
  object space 297984K, 99% used [0x00000000c0000000,0x00000000d22e91f8,0x00000000d2300000)
 Metaspace       used 63288K, committed 64640K, reserved 1114112K
  class space    used 7652K, committed 8256K, reserved 1048576K
}

