# JRE version: OpenJDK Runtime Environment Temurin-21.0.6+7 (21.0.6+7) (build 21.0.6+7-LTS)
# Java VM: OpenJDK 64-Bit Server VM Temurin-21.0.6+7 (21.0.6+7-LTS, mixed mode, sharing, tiered, compressed oops, compressed class ptrs, parallel gc, windows-amd64)
GC Precious Log:
 CardTable entry size: 512
 CPUs: 20 total, 20 available
 Memory: 16004M
 Large Page Support: Disabled
 NUMA Support: Disabled
 Compressed Oops: Enabled (32-bit)
 Alignments: Space 512K, Generation 512K, Heap 2M
 Heap Min Capacity: 100M
 Heap Initial Capacity: 100M
 Heap Max Capacity: 1G
 Pre-touch: Disabled
 Parallel Workers: 15
Heap:
 PSYoungGen      total 6656K, used 1517K [0x00000000eab00000, 0x00000000eb300000, 0x0000000100000000)
  eden space 5120K, 0% used [0x00000000eab00000,0x00000000eab00000,0x00000000eb000000)
  from space 1536K, 98% used [0x00000000eb180000,0x00000000eb2fb460,0x00000000eb300000)
  to   space 1536K, 0% used [0x00000000eb000000,0x00000000eb000000,0x00000000eb180000)
 ParOldGen       total 489984K, used 489885K [0x00000000c0000000, 0x00000000dde80000, 0x00000000eab00000)
  object space 489984K, 99% used [0x00000000c0000000,0x00000000dde67758,0x00000000dde80000)
 Metaspace       used 75698K, committed 77248K, reserved 1179648K
  class space    used 8863K, committed 9536K, reserved 1048576K
GC Heap History (20 events):
Event: 16.691 GC heap before
{Heap before GC invocations=517 (full 3):
 PSYoungGen      total 6656K, used 5792K [0x00000000eab00000, 0x00000000eb380000, 0x0000000100000000)
  eden space 5120K, 96% used [0x00000000eab00000,0x00000000eafd2830,0x00000000eb000000)
  from space 1536K, 55% used [0x00000000eb100000,0x00000000eb1d5930,0x00000000eb280000)
  to   space 1024K, 0% used [0x00000000eb280000,0x00000000eb280000,0x00000000eb380000)
 ParOldGen       total 481792K, used 481554K [0x00000000c0000000, 0x00000000dd680000, 0x00000000eab00000)
  object space 481792K, 99% used [0x00000000c0000000,0x00000000dd644a30,0x00000000dd680000)
 Metaspace       used 71646K, committed 73088K, reserved 1114112K
  class space    used 8549K, committed 9152K, reserved 1048576K
}
Event: 16.692 GC heap after
{Heap after GC invocations=517 (full 3):
 PSYoungGen      total 6144K, used 1001K [0x00000000eab00000, 0x00000000eb380000, 0x0000000100000000)
  eden space 5120K, 0% used [0x00000000eab00000,0x00000000eab00000,0x00000000eb000000)
  from space 1024K, 97% used [0x00000000eb280000,0x00000000eb37a698,0x00000000eb380000)
  to   space 1536K, 0% used [0x00000000eb080000,0x00000000eb080000,0x00000000eb200000)
 ParOldGen       total 481792K, used 481586K [0x00000000c0000000, 0x00000000dd680000, 0x00000000eab00000)
  object space 481792K, 99% used [0x00000000c0000000,0x00000000dd64ca30,0x00000000dd680000)
 Metaspace       used 71646K, committed 73088K, reserved 1114112K
  class space    used 8549K, committed 9152K, reserved 1048576K
}
Event: 16.702 GC heap before
{Heap before GC invocations=518 (full 3):
 PSYoungGen      total 6144K, used 6121K [0x00000000eab00000, 0x00000000eb380000, 0x0000000100000000)
  eden space 5120K, 100% used [0x00000000eab00000,0x00000000eb000000,0x00000000eb000000)
  from space 1024K, 97% used [0x00000000eb280000,0x00000000eb37a698,0x00000000eb380000)
  to   space 1536K, 0% used [0x00000000eb080000,0x00000000eb080000,0x00000000eb200000)
 ParOldGen       total 481792K, used 481586K [0x00000000c0000000, 0x00000000dd680000, 0x00000000eab00000)
  object space 481792K, 99% used [0x00000000c0000000,0x00000000dd64ca30,0x00000000dd680000)
 Metaspace       used 71862K, committed 73280K, reserved 1114112K
  class space    used 8556K, committed 9152K, reserved 1048576K
}
Event: 16.703 GC heap after
{Heap after GC invocations=518 (full 3):
 PSYoungGen      total 6656K, used 320K [0x00000000eab00000, 0x00000000eb300000, 0x0000000100000000)
  eden space 5120K, 0% used [0x00000000eab00000,0x00000000eab00000,0x00000000eb000000)
  from space 1536K, 20% used [0x00000000eb080000,0x00000000eb0d0000,0x00000000eb200000)
  to   space 1024K, 0% used [0x00000000eb200000,0x00000000eb200000,0x00000000eb300000)
 ParOldGen       total 481792K, used 481674K [0x00000000c0000000, 0x00000000dd680000, 0x00000000eab00000)
  object space 481792K, 99% used [0x00000000c0000000,0x00000000dd662a30,0x00000000dd680000)
 Metaspace       used 71862K, committed 73280K, reserved 1114112K
  class space    used 8556K, committed 9152K, reserved 1048576K
}
Event: 16.743 GC heap before
{Heap before GC invocations=519 (full 3):
 PSYoungGen      total 6656K, used 5405K [0x00000000eab00000, 0x00000000eb300000, 0x0000000100000000)
  eden space 5120K, 99% used [0x00000000eab00000,0x00000000eaff74c8,0x00000000eb000000)
  from space 1536K, 20% used [0x00000000eb080000,0x00000000eb0d0000,0x00000000eb200000)
  to   space 1024K, 0% used [0x00000000eb200000,0x00000000eb200000,0x00000000eb300000)
 ParOldGen       total 481792K, used 481674K [0x00000000c0000000, 0x00000000dd680000, 0x00000000eab00000)
  object space 481792K, 99% used [0x00000000c0000000,0x00000000dd662a30,0x00000000dd680000)
 Metaspace       used 72716K, committed 74176K, reserved 1114112K
  class space    used 8645K, committed 9280K, reserved 1048576K
}
Event: 16.743 GC heap after
{Heap after GC invocations=519 (full 3):
 PSYoungGen      total 6144K, used 634K [0x00000000eab00000, 0x00000000eb300000, 0x0000000100000000)
  eden space 5120K, 0% used [0x00000000eab00000,0x00000000eab00000,0x00000000eb000000)
  from space 1024K, 61% used [0x00000000eb200000,0x00000000eb29ea70,0x00000000eb300000)
  to   space 1024K, 0% used [0x00000000eb100000,0x00000000eb100000,0x00000000eb200000)
 ParOldGen       total 481792K, used 481738K [0x00000000c0000000, 0x00000000dd680000, 0x00000000eab00000)
  object space 481792K, 99% used [0x00000000c0000000,0x00000000dd672a30,0x00000000dd680000)
 Metaspace       used 72716K, committed 74176K, reserved 1114112K
  class space    used 8645K, committed 9280K, reserved 1048576K
}
Event: 16.809 GC heap before
{Heap before GC invocations=520 (full 3):
 PSYoungGen      total 6144K, used 5754K [0x00000000eab00000, 0x00000000eb300000, 0x0000000100000000)
  eden space 5120K, 100% used [0x00000000eab00000,0x00000000eb000000,0x00000000eb000000)
  from space 1024K, 61% used [0x00000000eb200000,0x00000000eb29ea70,0x00000000eb300000)
  to   space 1024K, 0% used [0x00000000eb100000,0x00000000eb100000,0x00000000eb200000)
 ParOldGen       total 481792K, used 481738K [0x00000000c0000000, 0x00000000dd680000, 0x00000000eab00000)
  object space 481792K, 99% used [0x00000000c0000000,0x00000000dd672a30,0x00000000dd680000)
 Metaspace       used 73073K, committed 74496K, reserved 1179648K
  class space    used 8675K, committed 9280K, reserved 1048576K
}
Event: 16.810 GC heap after
{Heap after GC invocations=520 (full 3):
 PSYoungGen      total 6144K, used 1011K [0x00000000eab00000, 0x00000000eb400000, 0x0000000100000000)
  eden space 5120K, 0% used [0x00000000eab00000,0x00000000eab00000,0x00000000eb000000)
  from space 1024K, 98% used [0x00000000eb100000,0x00000000eb1fcc88,0x00000000eb200000)
  to   space 2048K, 0% used [0x00000000eb200000,0x00000000eb200000,0x00000000eb400000)
 ParOldGen       total 482816K, used 482385K [0x00000000c0000000, 0x00000000dd780000, 0x00000000eab00000)
  object space 482816K, 99% used [0x00000000c0000000,0x00000000dd7146a8,0x00000000dd780000)
 Metaspace       used 73073K, committed 74496K, reserved 1179648K
  class space    used 8675K, committed 9280K, reserved 1048576K
}
Event: 16.873 GC heap before
{Heap before GC invocations=521 (full 3):
 PSYoungGen      total 6144K, used 6131K [0x00000000eab00000, 0x00000000eb400000, 0x0000000100000000)
  eden space 5120K, 100% used [0x00000000eab00000,0x00000000eb000000,0x00000000eb000000)
  from space 1024K, 98% used [0x00000000eb100000,0x00000000eb1fcc88,0x00000000eb200000)
  to   space 2048K, 0% used [0x00000000eb200000,0x00000000eb200000,0x00000000eb400000)
 ParOldGen       total 482816K, used 482385K [0x00000000c0000000, 0x00000000dd780000, 0x00000000eab00000)
  object space 482816K, 99% used [0x00000000c0000000,0x00000000dd7146a8,0x00000000dd780000)
 Metaspace       used 73399K, committed 74880K, reserved 1179648K
  class space    used 8705K, committed 9344K, reserved 1048576K
}
Event: 16.875 GC heap after
{Heap after GC invocations=521 (full 3):
 PSYoungGen      total 7168K, used 1568K [0x00000000eab00000, 0x00000000eb400000, 0x0000000100000000)
  eden space 5120K, 0% used [0x00000000eab00000,0x00000000eab00000,0x00000000eb000000)
  from space 2048K, 76% used [0x00000000eb200000,0x00000000eb388000,0x00000000eb400000)
  to   space 2048K, 0% used [0x00000000eb000000,0x00000000eb000000,0x00000000eb200000)
 ParOldGen       total 483840K, used 483395K [0x00000000c0000000, 0x00000000dd880000, 0x00000000eab00000)
  object space 483840K, 99% used [0x00000000c0000000,0x00000000dd810f10,0x00000000dd880000)
 Metaspace       used 73399K, committed 74880K, reserved 1179648K
  class space    used 8705K, committed 9344K, reserved 1048576K
}
Event: 16.954 GC heap before
{Heap before GC invocations=522 (full 3):
 PSYoungGen      total 7168K, used 6688K [0x00000000eab00000, 0x00000000eb400000, 0x0000000100000000)
  eden space 5120K, 100% used [0x00000000eab00000,0x00000000eb000000,0x00000000eb000000)
  from space 2048K, 76% used [0x00000000eb200000,0x00000000eb388000,0x00000000eb400000)
  to   space 2048K, 0% used [0x00000000eb000000,0x00000000eb000000,0x00000000eb200000)
 ParOldGen       total 483840K, used 483395K [0x00000000c0000000, 0x00000000dd880000, 0x00000000eab00000)
  object space 483840K, 99% used [0x00000000c0000000,0x00000000dd810f10,0x00000000dd880000)
 Metaspace       used 73951K, committed 75456K, reserved 1179648K
  class space    used 8745K, committed 9408K, reserved 1048576K
}
Event: 16.955 GC heap after
{Heap after GC invocations=522 (full 3):
 PSYoungGen      total 6656K, used 1088K [0x00000000eab00000, 0x00000000eb300000, 0x0000000100000000)
  eden space 5120K, 0% used [0x00000000eab00000,0x00000000eab00000,0x00000000eb000000)
  from space 1536K, 70% used [0x00000000eb000000,0x00000000eb110000,0x00000000eb180000)
  to   space 1536K, 0% used [0x00000000eb180000,0x00000000eb180000,0x00000000eb300000)
 ParOldGen       total 484864K, used 484718K [0x00000000c0000000, 0x00000000dd980000, 0x00000000eab00000)
  object space 484864K, 99% used [0x00000000c0000000,0x00000000dd95b800,0x00000000dd980000)
 Metaspace       used 73951K, committed 75456K, reserved 1179648K
  class space    used 8745K, committed 9408K, reserved 1048576K
}
Event: 17.007 GC heap before
{Heap before GC invocations=523 (full 3):
 PSYoungGen      total 6656K, used 6208K [0x00000000eab00000, 0x00000000eb300000, 0x0000000100000000)
  eden space 5120K, 100% used [0x00000000eab00000,0x00000000eb000000,0x00000000eb000000)
  from space 1536K, 70% used [0x00000000eb000000,0x00000000eb110000,0x00000000eb180000)
  to   space 1536K, 0% used [0x00000000eb180000,0x00000000eb180000,0x00000000eb300000)
 ParOldGen       total 484864K, used 484718K [0x00000000c0000000, 0x00000000dd980000, 0x00000000eab00000)
  object space 484864K, 99% used [0x00000000c0000000,0x00000000dd95b800,0x00000000dd980000)
 Metaspace       used 74542K, committed 75968K, reserved 1179648K
  class space    used 8797K, committed 9408K, reserved 1048576K
}
Event: 17.008 GC heap after
{Heap after GC invocations=523 (full 3):
 PSYoungGen      total 6656K, used 1056K [0x00000000eab00000, 0x00000000eb300000, 0x0000000100000000)
  eden space 5120K, 0% used [0x00000000eab00000,0x00000000eab00000,0x00000000eb000000)
  from space 1536K, 68% used [0x00000000eb180000,0x00000000eb288020,0x00000000eb300000)
  to   space 1536K, 0% used [0x00000000eb000000,0x00000000eb000000,0x00000000eb180000)
 ParOldGen       total 485888K, used 485574K [0x00000000c0000000, 0x00000000dda80000, 0x00000000eab00000)
  object space 485888K, 99% used [0x00000000c0000000,0x00000000dda31800,0x00000000dda80000)
 Metaspace       used 74542K, committed 75968K, reserved 1179648K
  class space    used 8797K, committed 9408K, reserved 1048576K
}
Event: 17.062 GC heap before
{Heap before GC invocations=524 (full 3):
 PSYoungGen      total 6656K, used 6176K [0x00000000eab00000, 0x00000000eb300000, 0x0000000100000000)
  eden space 5120K, 100% used [0x00000000eab00000,0x00000000eb000000,0x00000000eb000000)
  from space 1536K, 68% used [0x00000000eb180000,0x00000000eb288020,0x00000000eb300000)
  to   space 1536K, 0% used [0x00000000eb000000,0x00000000eb000000,0x00000000eb180000)
 ParOldGen       total 485888K, used 485574K [0x00000000c0000000, 0x00000000dda80000, 0x00000000eab00000)
  object space 485888K, 99% used [0x00000000c0000000,0x00000000dda31800,0x00000000dda80000)
 Metaspace       used 74941K, committed 76480K, reserved 1179648K
  class space    used 8820K, committed 9472K, reserved 1048576K
}
Event: 17.063 GC heap after
{Heap after GC invocations=524 (full 3):
 PSYoungGen      total 6656K, used 1168K [0x00000000eab00000, 0x00000000eb300000, 0x0000000100000000)
  eden space 5120K, 0% used [0x00000000eab00000,0x00000000eab00000,0x00000000eb000000)
  from space 1536K, 76% used [0x00000000eb000000,0x00000000eb124010,0x00000000eb180000)
  to   space 1536K, 0% used [0x00000000eb180000,0x00000000eb180000,0x00000000eb300000)
 ParOldGen       total 486912K, used 486425K [0x00000000c0000000, 0x00000000ddb80000, 0x00000000eab00000)
  object space 486912K, 99% used [0x00000000c0000000,0x00000000ddb06730,0x00000000ddb80000)
 Metaspace       used 74941K, committed 76480K, reserved 1179648K
  class space    used 8820K, committed 9472K, reserved 1048576K
}
Event: 17.121 GC heap before
{Heap before GC invocations=525 (full 3):
 PSYoungGen      total 6656K, used 6288K [0x00000000eab00000, 0x00000000eb300000, 0x0000000100000000)
  eden space 5120K, 100% used [0x00000000eab00000,0x00000000eb000000,0x00000000eb000000)
  from space 1536K, 76% used [0x00000000eb000000,0x00000000eb124010,0x00000000eb180000)
  to   space 1536K, 0% used [0x00000000eb180000,0x00000000eb180000,0x00000000eb300000)
 ParOldGen       total 486912K, used 486425K [0x00000000c0000000, 0x00000000ddb80000, 0x00000000eab00000)
  object space 486912K, 99% used [0x00000000c0000000,0x00000000ddb06730,0x00000000ddb80000)
 Metaspace       used 75235K, committed 76736K, reserved 1179648K
  class space    used 8836K, committed 9472K, reserved 1048576K
}
Event: 17.122 GC heap after
{Heap after GC invocations=525 (full 3):
 PSYoungGen      total 6656K, used 1271K [0x00000000eab00000, 0x00000000eb300000, 0x0000000100000000)
  eden space 5120K, 0% used [0x00000000eab00000,0x00000000eab00000,0x00000000eb000000)
  from space 1536K, 82% used [0x00000000eb180000,0x00000000eb2bddd0,0x00000000eb300000)
  to   space 1536K, 0% used [0x00000000eb000000,0x00000000eb000000,0x00000000eb180000)
 ParOldGen       total 487424K, used 487361K [0x00000000c0000000, 0x00000000ddc00000, 0x00000000eab00000)
  object space 487424K, 99% used [0x00000000c0000000,0x00000000ddbf0790,0x00000000ddc00000)
 Metaspace       used 75235K, committed 76736K, reserved 1179648K
  class space    used 8836K, committed 9472K, reserved 1048576K
}
Event: 17.168 GC heap before
{Heap before GC invocations=526 (full 3):
 PSYoungGen      total 6656K, used 6391K [0x00000000eab00000, 0x00000000eb300000, 0x0000000100000000)
  eden space 5120K, 100% used [0x00000000eab00000,0x00000000eb000000,0x00000000eb000000)
  from space 1536K, 82% used [0x00000000eb180000,0x00000000eb2bddd0,0x00000000eb300000)
  to   space 1536K, 0% used [0x00000000eb000000,0x00000000eb000000,0x00000000eb180000)
 ParOldGen       total 487424K, used 487361K [0x00000000c0000000, 0x00000000ddc00000, 0x00000000eab00000)
  object space 487424K, 99% used [0x00000000c0000000,0x00000000ddbf0790,0x00000000ddc00000)
 Metaspace       used 75557K, committed 77120K, reserved 1179648K
  class space    used 8861K, committed 9536K, reserved 1048576K
}
Event: 17.170 GC heap after
{Heap after GC invocations=526 (full 3):
 PSYoungGen      total 6656K, used 1408K [0x00000000eab00000, 0x00000000eb300000, 0x0000000100000000)
  eden space 5120K, 0% used [0x00000000eab00000,0x00000000eab00000,0x00000000eb000000)
  from space 1536K, 91% used [0x00000000eb000000,0x00000000eb160020,0x00000000eb180000)
  to   space 1536K, 0% used [0x00000000eb180000,0x00000000eb180000,0x00000000eb300000)
 ParOldGen       total 488448K, used 488433K [0x00000000c0000000, 0x00000000ddd00000, 0x00000000eab00000)
  object space 488448K, 99% used [0x00000000c0000000,0x00000000ddcfc6f8,0x00000000ddd00000)
 Metaspace       used 75557K, committed 77120K, reserved 1179648K
  class space    used 8861K, committed 9536K, reserved 1048576K
}

