# JRE version: OpenJDK Runtime Environment Temurin-21.0.6+7 (21.0.6+7) (build 21.0.6+7-LTS)
# Java VM: OpenJDK 64-Bit Server VM Temurin-21.0.6+7 (21.0.6+7-LTS, mixed mode, sharing, tiered, compressed oops, compressed class ptrs, parallel gc, windows-amd64)
GC Precious Log:
 CardTable entry size: 512
 CPUs: 20 total, 20 available
 Memory: 16004M
 Large Page Support: Disabled
 NUMA Support: Disabled
 Compressed Oops: Enabled (32-bit)
 Alignments: Space 512K, Generation 512K, Heap 2M
 Heap Min Capacity: 100M
 Heap Initial Capacity: 100M
 Heap Max Capacity: 1G
 Pre-touch: Disabled
 Parallel Workers: 15
Heap:
 PSYoungGen      total 14336K, used 13541K [0x00000000eab00000, 0x00000000ebd00000, 0x0000000100000000)
  eden space 11264K, 100% used [0x00000000eab00000,0x00000000eb600000,0x00000000eb600000)
  from space 3072K, 74% used [0x00000000eb600000,0x00000000eb8396f8,0x00000000eb900000)
  to   space 2560K, 83% used [0x00000000eba80000,0x00000000ebc95310,0x00000000ebd00000)
 ParOldGen       total 376832K, used 376742K [0x00000000c0000000, 0x00000000d7000000, 0x00000000eab00000)
  object space 376832K, 99% used [0x00000000c0000000,0x00000000d6fe9aa8,0x00000000d7000000)
 Metaspace       used 63367K, committed 64768K, reserved 1114112K
  class space    used 7669K, committed 8320K, reserved 1048576K
GC Heap History (20 events):
Event: 5.721 GC heap after
{Heap after GC invocations=405 (full 3):
 PSYoungGen      total 9728K, used 1517K [0x00000000eab00000, 0x00000000eb680000, 0x0000000100000000)
  eden space 7680K, 0% used [0x00000000eab00000,0x00000000eab00000,0x00000000eb280000)
  from space 2048K, 74% used [0x00000000eb480000,0x00000000eb5fb7c8,0x00000000eb680000)
  to   space 2048K, 0% used [0x00000000eb280000,0x00000000eb280000,0x00000000eb480000)
 ParOldGen       total 352768K, used 352430K [0x00000000c0000000, 0x00000000d5880000, 0x00000000eab00000)
  object space 352768K, 99% used [0x00000000c0000000,0x00000000d582b940,0x00000000d5880000)
 Metaspace       used 63264K, committed 64640K, reserved 1114112K
  class space    used 7646K, committed 8256K, reserved 1048576K
}
Event: 5.724 GC heap before
{Heap before GC invocations=406 (full 3):
 PSYoungGen      total 9728K, used 9197K [0x00000000eab00000, 0x00000000eb680000, 0x0000000100000000)
  eden space 7680K, 100% used [0x00000000eab00000,0x00000000eb280000,0x00000000eb280000)
  from space 2048K, 74% used [0x00000000eb480000,0x00000000eb5fb7c8,0x00000000eb680000)
  to   space 2048K, 0% used [0x00000000eb280000,0x00000000eb280000,0x00000000eb480000)
 ParOldGen       total 352768K, used 352456K [0x00000000c0000000, 0x00000000d5880000, 0x00000000eab00000)
  object space 352768K, 99% used [0x00000000c0000000,0x00000000d5832258,0x00000000d5880000)
 Metaspace       used 63264K, committed 64640K, reserved 1114112K
  class space    used 7646K, committed 8256K, reserved 1048576K
}
Event: 5.725 GC heap after
{Heap after GC invocations=406 (full 3):
 PSYoungGen      total 9728K, used 2033K [0x00000000eab00000, 0x00000000ebc00000, 0x0000000100000000)
  eden space 7680K, 0% used [0x00000000eab00000,0x00000000eab00000,0x00000000eb280000)
  from space 2048K, 99% used [0x00000000eb280000,0x00000000eb47c4f0,0x00000000eb480000)
  to   space 4096K, 0% used [0x00000000eb800000,0x00000000eb800000,0x00000000ebc00000)
 ParOldGen       total 354304K, used 353797K [0x00000000c0000000, 0x00000000d5a00000, 0x00000000eab00000)
  object space 354304K, 99% used [0x00000000c0000000,0x00000000d5981408,0x00000000d5a00000)
 Metaspace       used 63264K, committed 64640K, reserved 1114112K
  class space    used 7646K, committed 8256K, reserved 1048576K
}
Event: 5.728 GC heap before
{Heap before GC invocations=407 (full 3):
 PSYoungGen      total 9728K, used 9703K [0x00000000eab00000, 0x00000000ebc00000, 0x0000000100000000)
  eden space 7680K, 99% used [0x00000000eab00000,0x00000000eb27da28,0x00000000eb280000)
  from space 2048K, 99% used [0x00000000eb280000,0x00000000eb47c4f0,0x00000000eb480000)
  to   space 4096K, 0% used [0x00000000eb800000,0x00000000eb800000,0x00000000ebc00000)
 ParOldGen       total 354304K, used 353906K [0x00000000c0000000, 0x00000000d5a00000, 0x00000000eab00000)
  object space 354304K, 99% used [0x00000000c0000000,0x00000000d599cb40,0x00000000d5a00000)
 Metaspace       used 63264K, committed 64640K, reserved 1114112K
  class space    used 7646K, committed 8256K, reserved 1048576K
}
Event: 5.730 GC heap after
{Heap after GC invocations=407 (full 3):
 PSYoungGen      total 11776K, used 2377K [0x00000000eab00000, 0x00000000eba80000, 0x0000000100000000)
  eden space 9216K, 0% used [0x00000000eab00000,0x00000000eab00000,0x00000000eb400000)
  from space 2560K, 92% used [0x00000000eb800000,0x00000000eba52470,0x00000000eba80000)
  to   space 3072K, 0% used [0x00000000eb480000,0x00000000eb480000,0x00000000eb780000)
 ParOldGen       total 355840K, used 355717K [0x00000000c0000000, 0x00000000d5b80000, 0x00000000eab00000)
  object space 355840K, 99% used [0x00000000c0000000,0x00000000d5b61588,0x00000000d5b80000)
 Metaspace       used 63264K, committed 64640K, reserved 1114112K
  class space    used 7646K, committed 8256K, reserved 1048576K
}
Event: 5.733 GC heap before
{Heap before GC invocations=408 (full 3):
 PSYoungGen      total 11776K, used 11593K [0x00000000eab00000, 0x00000000eba80000, 0x0000000100000000)
  eden space 9216K, 100% used [0x00000000eab00000,0x00000000eb400000,0x00000000eb400000)
  from space 2560K, 92% used [0x00000000eb800000,0x00000000eba52470,0x00000000eba80000)
  to   space 3072K, 0% used [0x00000000eb480000,0x00000000eb480000,0x00000000eb780000)
 ParOldGen       total 355840K, used 355829K [0x00000000c0000000, 0x00000000d5b80000, 0x00000000eab00000)
  object space 355840K, 99% used [0x00000000c0000000,0x00000000d5b7d5f0,0x00000000d5b80000)
 Metaspace       used 63264K, committed 64640K, reserved 1114112K
  class space    used 7646K, committed 8256K, reserved 1048576K
}
Event: 6.753 GC heap after
{Heap after GC invocations=408 (full 3):
 PSYoungGen      total 12288K, used 3042K [0x00000000eab00000, 0x00000000eba80000, 0x0000000100000000)
  eden space 9216K, 0% used [0x00000000eab00000,0x00000000eab00000,0x00000000eb400000)
  from space 3072K, 99% used [0x00000000eb480000,0x00000000eb778840,0x00000000eb780000)
  to   space 2560K, 0% used [0x00000000eb800000,0x00000000eb800000,0x00000000eba80000)
 ParOldGen       total 358400K, used 357976K [0x00000000c0000000, 0x00000000d5e00000, 0x00000000eab00000)
  object space 358400K, 99% used [0x00000000c0000000,0x00000000d5d961c0,0x00000000d5e00000)
 Metaspace       used 63264K, committed 64640K, reserved 1114112K
  class space    used 7646K, committed 8256K, reserved 1048576K
}
Event: 6.757 GC heap before
{Heap before GC invocations=409 (full 3):
 PSYoungGen      total 12288K, used 12258K [0x00000000eab00000, 0x00000000eba80000, 0x0000000100000000)
  eden space 9216K, 100% used [0x00000000eab00000,0x00000000eb400000,0x00000000eb400000)
  from space 3072K, 99% used [0x00000000eb480000,0x00000000eb778840,0x00000000eb780000)
  to   space 2560K, 0% used [0x00000000eb800000,0x00000000eb800000,0x00000000eba80000)
 ParOldGen       total 358400K, used 357976K [0x00000000c0000000, 0x00000000d5e00000, 0x00000000eab00000)
  object space 358400K, 99% used [0x00000000c0000000,0x00000000d5d961c0,0x00000000d5e00000)
 Metaspace       used 63265K, committed 64640K, reserved 1114112K
  class space    used 7646K, committed 8256K, reserved 1048576K
}
Event: 7.759 GC heap after
{Heap after GC invocations=409 (full 3):
 PSYoungGen      total 9216K, used 2549K [0x00000000eab00000, 0x00000000ec300000, 0x0000000100000000)
  eden space 6656K, 0% used [0x00000000eab00000,0x00000000eab00000,0x00000000eb180000)
  from space 2560K, 99% used [0x00000000eb800000,0x00000000eba7d460,0x00000000eba80000)
  to   space 6656K, 0% used [0x00000000eb180000,0x00000000eb180000,0x00000000eb800000)
 ParOldGen       total 361984K, used 361763K [0x00000000c0000000, 0x00000000d6180000, 0x00000000eab00000)
  object space 361984K, 99% used [0x00000000c0000000,0x00000000d6148ef8,0x00000000d6180000)
 Metaspace       used 63265K, committed 64640K, reserved 1114112K
  class space    used 7646K, committed 8256K, reserved 1048576K
}
Event: 7.762 GC heap before
{Heap before GC invocations=410 (full 3):
 PSYoungGen      total 9216K, used 9139K [0x00000000eab00000, 0x00000000ec300000, 0x0000000100000000)
  eden space 6656K, 99% used [0x00000000eab00000,0x00000000eb16fb80,0x00000000eb180000)
  from space 2560K, 99% used [0x00000000eb800000,0x00000000eba7d460,0x00000000eba80000)
  to   space 6656K, 0% used [0x00000000eb180000,0x00000000eb180000,0x00000000eb800000)
 ParOldGen       total 361984K, used 361763K [0x00000000c0000000, 0x00000000d6180000, 0x00000000eab00000)
  object space 361984K, 99% used [0x00000000c0000000,0x00000000d6148ef8,0x00000000d6180000)
 Metaspace       used 63267K, committed 64640K, reserved 1114112K
  class space    used 7646K, committed 8256K, reserved 1048576K
}
Event: 7.764 GC heap after
{Heap after GC invocations=410 (full 3):
 PSYoungGen      total 9728K, used 2796K [0x00000000eab00000, 0x00000000ebc00000, 0x0000000100000000)
  eden space 6656K, 0% used [0x00000000eab00000,0x00000000eab00000,0x00000000eb180000)
  from space 3072K, 91% used [0x00000000eb180000,0x00000000eb43b188,0x00000000eb480000)
  to   space 4608K, 0% used [0x00000000eb780000,0x00000000eb780000,0x00000000ebc00000)
 ParOldGen       total 364544K, used 364178K [0x00000000c0000000, 0x00000000d6400000, 0x00000000eab00000)
  object space 364544K, 99% used [0x00000000c0000000,0x00000000d63a4948,0x00000000d6400000)
 Metaspace       used 63267K, committed 64640K, reserved 1114112K
  class space    used 7646K, committed 8256K, reserved 1048576K
}
Event: 7.766 GC heap before
{Heap before GC invocations=411 (full 3):
 PSYoungGen      total 9728K, used 9452K [0x00000000eab00000, 0x00000000ebc00000, 0x0000000100000000)
  eden space 6656K, 100% used [0x00000000eab00000,0x00000000eb180000,0x00000000eb180000)
  from space 3072K, 91% used [0x00000000eb180000,0x00000000eb43b188,0x00000000eb480000)
  to   space 4608K, 0% used [0x00000000eb780000,0x00000000eb780000,0x00000000ebc00000)
 ParOldGen       total 364544K, used 364178K [0x00000000c0000000, 0x00000000d6400000, 0x00000000eab00000)
  object space 364544K, 99% used [0x00000000c0000000,0x00000000d63a4948,0x00000000d6400000)
 Metaspace       used 63267K, committed 64640K, reserved 1114112K
  class space    used 7646K, committed 8256K, reserved 1048576K
}
Event: 7.767 GC heap after
{Heap after GC invocations=411 (full 3):
 PSYoungGen      total 11264K, used 2897K [0x00000000eab00000, 0x00000000eba80000, 0x0000000100000000)
  eden space 8192K, 0% used [0x00000000eab00000,0x00000000eab00000,0x00000000eb300000)
  from space 3072K, 94% used [0x00000000eb780000,0x00000000eba54718,0x00000000eba80000)
  to   space 3584K, 0% used [0x00000000eb380000,0x00000000eb380000,0x00000000eb700000)
 ParOldGen       total 367104K, used 366656K [0x00000000c0000000, 0x00000000d6680000, 0x00000000eab00000)
  object space 367104K, 99% used [0x00000000c0000000,0x00000000d66100e8,0x00000000d6680000)
 Metaspace       used 63267K, committed 64640K, reserved 1114112K
  class space    used 7646K, committed 8256K, reserved 1048576K
}
Event: 7.770 GC heap before
{Heap before GC invocations=412 (full 3):
 PSYoungGen      total 11264K, used 11082K [0x00000000eab00000, 0x00000000eba80000, 0x0000000100000000)
  eden space 8192K, 99% used [0x00000000eab00000,0x00000000eb2fe438,0x00000000eb300000)
  from space 3072K, 94% used [0x00000000eb780000,0x00000000eba54718,0x00000000eba80000)
  to   space 3584K, 0% used [0x00000000eb380000,0x00000000eb380000,0x00000000eb700000)
 ParOldGen       total 367104K, used 366656K [0x00000000c0000000, 0x00000000d6680000, 0x00000000eab00000)
  object space 367104K, 99% used [0x00000000c0000000,0x00000000d66100e8,0x00000000d6680000)
 Metaspace       used 63267K, committed 64640K, reserved 1114112K
  class space    used 7646K, committed 8256K, reserved 1048576K
}
Event: 7.772 GC heap after
{Heap after GC invocations=412 (full 3):
 PSYoungGen      total 12288K, used 3475K [0x00000000eab00000, 0x00000000ebd00000, 0x0000000100000000)
  eden space 8704K, 0% used [0x00000000eab00000,0x00000000eab00000,0x00000000eb380000)
  from space 3584K, 96% used [0x00000000eb380000,0x00000000eb6e4e60,0x00000000eb700000)
  to   space 4096K, 0% used [0x00000000eb900000,0x00000000eb900000,0x00000000ebd00000)
 ParOldGen       total 369664K, used 369250K [0x00000000c0000000, 0x00000000d6900000, 0x00000000eab00000)
  object space 369664K, 99% used [0x00000000c0000000,0x00000000d6898b20,0x00000000d6900000)
 Metaspace       used 63267K, committed 64640K, reserved 1114112K
  class space    used 7646K, committed 8256K, reserved 1048576K
}
Event: 7.776 GC heap before
{Heap before GC invocations=413 (full 3):
 PSYoungGen      total 12288K, used 12179K [0x00000000eab00000, 0x00000000ebd00000, 0x0000000100000000)
  eden space 8704K, 100% used [0x00000000eab00000,0x00000000eb380000,0x00000000eb380000)
  from space 3584K, 96% used [0x00000000eb380000,0x00000000eb6e4e60,0x00000000eb700000)
  to   space 4096K, 0% used [0x00000000eb900000,0x00000000eb900000,0x00000000ebd00000)
 ParOldGen       total 369664K, used 369250K [0x00000000c0000000, 0x00000000d6900000, 0x00000000eab00000)
  object space 369664K, 99% used [0x00000000c0000000,0x00000000d6898b20,0x00000000d6900000)
 Metaspace       used 63267K, committed 64640K, reserved 1114112K
  class space    used 7646K, committed 8256K, reserved 1048576K
}
Event: 7.778 GC heap after
{Heap after GC invocations=413 (full 3):
 PSYoungGen      total 13824K, used 2644K [0x00000000eab00000, 0x00000000ebc00000, 0x0000000100000000)
  eden space 10752K, 0% used [0x00000000eab00000,0x00000000eab00000,0x00000000eb580000)
  from space 3072K, 86% used [0x00000000eb900000,0x00000000ebb952c8,0x00000000ebc00000)
  to   space 3072K, 0% used [0x00000000eb600000,0x00000000eb600000,0x00000000eb900000)
 ParOldGen       total 372736K, used 372410K [0x00000000c0000000, 0x00000000d6c00000, 0x00000000eab00000)
  object space 372736K, 99% used [0x00000000c0000000,0x00000000d6bae9b8,0x00000000d6c00000)
 Metaspace       used 63267K, committed 64640K, reserved 1114112K
  class space    used 7646K, committed 8256K, reserved 1048576K
}
Event: 7.787 GC heap before
{Heap before GC invocations=414 (full 3):
 PSYoungGen      total 13824K, used 13396K [0x00000000eab00000, 0x00000000ebc00000, 0x0000000100000000)
  eden space 10752K, 100% used [0x00000000eab00000,0x00000000eb580000,0x00000000eb580000)
  from space 3072K, 86% used [0x00000000eb900000,0x00000000ebb952c8,0x00000000ebc00000)
  to   space 3072K, 0% used [0x00000000eb600000,0x00000000eb600000,0x00000000eb900000)
 ParOldGen       total 372736K, used 372410K [0x00000000c0000000, 0x00000000d6c00000, 0x00000000eab00000)
  object space 372736K, 99% used [0x00000000c0000000,0x00000000d6bae9b8,0x00000000d6c00000)
 Metaspace       used 63267K, committed 64640K, reserved 1114112K
  class space    used 7646K, committed 8256K, reserved 1048576K
}
Event: 7.789 GC heap after
{Heap after GC invocations=414 (full 3):
 PSYoungGen      total 14336K, used 2277K [0x00000000eab00000, 0x00000000ebd00000, 0x0000000100000000)
  eden space 11264K, 0% used [0x00000000eab00000,0x00000000eab00000,0x00000000eb600000)
  from space 3072K, 74% used [0x00000000eb600000,0x00000000eb8396f8,0x00000000eb900000)
  to   space 2560K, 0% used [0x00000000eba80000,0x00000000eba80000,0x00000000ebd00000)
 ParOldGen       total 375296K, used 374867K [0x00000000c0000000, 0x00000000d6e80000, 0x00000000eab00000)
  object space 375296K, 99% used [0x00000000c0000000,0x00000000d6e14df8,0x00000000d6e80000)
 Metaspace       used 63267K, committed 64640K, reserved 1114112K
  class space    used 7646K, committed 8256K, reserved 1048576K
}
Event: 8.822 GC heap before
{Heap before GC invocations=415 (full 3):
 PSYoungGen      total 14336K, used 13541K [0x00000000eab00000, 0x00000000ebd00000, 0x0000000100000000)
  eden space 11264K, 100% used [0x00000000eab00000,0x00000000eb600000,0x00000000eb600000)
  from space 3072K, 74% used [0x00000000eb600000,0x00000000eb8396f8,0x00000000eb900000)
  to   space 2560K, 0% used [0x00000000eba80000,0x00000000eba80000,0x00000000ebd00000)
 ParOldGen       total 375296K, used 374867K [0x00000000c0000000, 0x00000000d6e80000, 0x00000000eab00000)
  object space 375296K, 99% used [0x00000000c0000000,0x00000000d6e14df8,0x00000000d6e80000)
 Metaspace       used 63367K, committed 64768K, reserved 1114112K
  class space    used 7669K, committed 8320K, reserved 1048576K
}

