# JRE version: OpenJDK Runtime Environment Temurin-21.0.6+7 (21.0.6+7) (build 21.0.6+7-LTS)
# Java VM: OpenJDK 64-Bit Server VM Temurin-21.0.6+7 (21.0.6+7-LTS, mixed mode, sharing, tiered, compressed oops, compressed class ptrs, parallel gc, windows-amd64)
GC Precious Log:
 CardTable entry size: 512
 CPUs: 20 total, 20 available
 Memory: 16004M
 Large Page Support: Disabled
 NUMA Support: Disabled
 Compressed Oops: Enabled (32-bit)
 Alignments: Space 512K, Generation 512K, Heap 2M
 Heap Min Capacity: 100M
 Heap Initial Capacity: 100M
 Heap Max Capacity: 1G
 Pre-touch: Disabled
 Parallel Workers: 15
Heap:
 PSYoungGen      total 3072K, used 1426K [0x00000000eab00000, 0x00000000eb200000, 0x0000000100000000)
  eden space 2048K, 21% used [0x00000000eab00000,0x00000000eab6d6b8,0x00000000ead00000)
  from space 1024K, 99% used [0x00000000eaf00000,0x00000000eaffd780,0x00000000eb000000)
  to   space 2048K, 0% used [0x00000000ead00000,0x00000000ead00000,0x00000000eaf00000)
 ParOldGen       total 483328K, used 483268K [0x00000000c0000000, 0x00000000dd800000, 0x00000000eab00000)
  object space 483328K, 99% used [0x00000000c0000000,0x00000000dd7f13a0,0x00000000dd800000)
 Metaspace       used 74975K, committed 76480K, reserved 1179648K
  class space    used 8811K, committed 9472K, reserved 1048576K
GC Heap History (20 events):
Event: 13.571 GC heap before
{Heap before GC invocations=507 (full 3):
 PSYoungGen      total 3584K, used 3536K [0x00000000eab00000, 0x00000000eb000000, 0x0000000100000000)
  eden space 3072K, 99% used [0x00000000eab00000,0x00000000eadfc260,0x00000000eae00000)
  from space 512K, 93% used [0x00000000eae00000,0x00000000eae78000,0x00000000eae80000)
  to   space 1024K, 0% used [0x00000000eaf00000,0x00000000eaf00000,0x00000000eb000000)
 ParOldGen       total 477696K, used 477558K [0x00000000c0000000, 0x00000000dd280000, 0x00000000eab00000)
  object space 477696K, 99% used [0x00000000c0000000,0x00000000dd25da90,0x00000000dd280000)
 Metaspace       used 72750K, committed 74240K, reserved 1179648K
  class space    used 8630K, committed 9280K, reserved 1048576K
}
Event: 13.572 GC heap after
{Heap after GC invocations=507 (full 3):
 PSYoungGen      total 4096K, used 493K [0x00000000eab00000, 0x00000000eb000000, 0x0000000100000000)
  eden space 3072K, 0% used [0x00000000eab00000,0x00000000eab00000,0x00000000eae00000)
  from space 1024K, 48% used [0x00000000eaf00000,0x00000000eaf7b400,0x00000000eb000000)
  to   space 1024K, 0% used [0x00000000eae00000,0x00000000eae00000,0x00000000eaf00000)
 ParOldGen       total 477696K, used 477662K [0x00000000c0000000, 0x00000000dd280000, 0x00000000eab00000)
  object space 477696K, 99% used [0x00000000c0000000,0x00000000dd277a90,0x00000000dd280000)
 Metaspace       used 72750K, committed 74240K, reserved 1179648K
  class space    used 8630K, committed 9280K, reserved 1048576K
}
Event: 13.604 GC heap before
{Heap before GC invocations=508 (full 3):
 PSYoungGen      total 4096K, used 3565K [0x00000000eab00000, 0x00000000eb000000, 0x0000000100000000)
  eden space 3072K, 100% used [0x00000000eab00000,0x00000000eae00000,0x00000000eae00000)
  from space 1024K, 48% used [0x00000000eaf00000,0x00000000eaf7b400,0x00000000eb000000)
  to   space 1024K, 0% used [0x00000000eae00000,0x00000000eae00000,0x00000000eaf00000)
 ParOldGen       total 477696K, used 477662K [0x00000000c0000000, 0x00000000dd280000, 0x00000000eab00000)
  object space 477696K, 99% used [0x00000000c0000000,0x00000000dd277a90,0x00000000dd280000)
 Metaspace       used 72917K, committed 74368K, reserved 1179648K
  class space    used 8648K, committed 9344K, reserved 1048576K
}
Event: 13.604 GC heap after
{Heap after GC invocations=508 (full 3):
 PSYoungGen      total 4096K, used 755K [0x00000000eab00000, 0x00000000eb000000, 0x0000000100000000)
  eden space 3072K, 0% used [0x00000000eab00000,0x00000000eab00000,0x00000000eae00000)
  from space 1024K, 73% used [0x00000000eae00000,0x00000000eaebcc00,0x00000000eaf00000)
  to   space 1024K, 0% used [0x00000000eaf00000,0x00000000eaf00000,0x00000000eb000000)
 ParOldGen       total 478208K, used 477798K [0x00000000c0000000, 0x00000000dd300000, 0x00000000eab00000)
  object space 478208K, 99% used [0x00000000c0000000,0x00000000dd299a90,0x00000000dd300000)
 Metaspace       used 72917K, committed 74368K, reserved 1179648K
  class space    used 8648K, committed 9344K, reserved 1048576K
}
Event: 13.631 GC heap before
{Heap before GC invocations=509 (full 3):
 PSYoungGen      total 4096K, used 3827K [0x00000000eab00000, 0x00000000eb000000, 0x0000000100000000)
  eden space 3072K, 100% used [0x00000000eab00000,0x00000000eae00000,0x00000000eae00000)
  from space 1024K, 73% used [0x00000000eae00000,0x00000000eaebcc00,0x00000000eaf00000)
  to   space 1024K, 0% used [0x00000000eaf00000,0x00000000eaf00000,0x00000000eb000000)
 ParOldGen       total 478208K, used 477798K [0x00000000c0000000, 0x00000000dd300000, 0x00000000eab00000)
  object space 478208K, 99% used [0x00000000c0000000,0x00000000dd299a90,0x00000000dd300000)
 Metaspace       used 73019K, committed 74560K, reserved 1179648K
  class space    used 8657K, committed 9344K, reserved 1048576K
}
Event: 13.632 GC heap after
{Heap after GC invocations=509 (full 3):
 PSYoungGen      total 4096K, used 963K [0x00000000eab00000, 0x00000000eb000000, 0x0000000100000000)
  eden space 3072K, 0% used [0x00000000eab00000,0x00000000eab00000,0x00000000eae00000)
  from space 1024K, 94% used [0x00000000eaf00000,0x00000000eaff0dd8,0x00000000eb000000)
  to   space 1024K, 0% used [0x00000000eae00000,0x00000000eae00000,0x00000000eaf00000)
 ParOldGen       total 478720K, used 478438K [0x00000000c0000000, 0x00000000dd380000, 0x00000000eab00000)
  object space 478720K, 99% used [0x00000000c0000000,0x00000000dd339ac8,0x00000000dd380000)
 Metaspace       used 73019K, committed 74560K, reserved 1179648K
  class space    used 8657K, committed 9344K, reserved 1048576K
}
Event: 13.653 GC heap before
{Heap before GC invocations=510 (full 3):
 PSYoungGen      total 4096K, used 4035K [0x00000000eab00000, 0x00000000eb000000, 0x0000000100000000)
  eden space 3072K, 99% used [0x00000000eab00000,0x00000000eadffff0,0x00000000eae00000)
  from space 1024K, 94% used [0x00000000eaf00000,0x00000000eaff0dd8,0x00000000eb000000)
  to   space 1024K, 0% used [0x00000000eae00000,0x00000000eae00000,0x00000000eaf00000)
 ParOldGen       total 478720K, used 478438K [0x00000000c0000000, 0x00000000dd380000, 0x00000000eab00000)
  object space 478720K, 99% used [0x00000000c0000000,0x00000000dd339ac8,0x00000000dd380000)
 Metaspace       used 73080K, committed 74624K, reserved 1179648K
  class space    used 8662K, committed 9344K, reserved 1048576K
}
Event: 13.654 GC heap after
{Heap after GC invocations=510 (full 3):
 PSYoungGen      total 4096K, used 832K [0x00000000eab00000, 0x00000000eb000000, 0x0000000100000000)
  eden space 3072K, 0% used [0x00000000eab00000,0x00000000eab00000,0x00000000eae00000)
  from space 1024K, 81% used [0x00000000eae00000,0x00000000eaed0000,0x00000000eaf00000)
  to   space 1024K, 0% used [0x00000000eaf00000,0x00000000eaf00000,0x00000000eb000000)
 ParOldGen       total 479744K, used 479289K [0x00000000c0000000, 0x00000000dd480000, 0x00000000eab00000)
  object space 479744K, 99% used [0x00000000c0000000,0x00000000dd40e430,0x00000000dd480000)
 Metaspace       used 73080K, committed 74624K, reserved 1179648K
  class space    used 8662K, committed 9344K, reserved 1048576K
}
Event: 13.672 GC heap before
{Heap before GC invocations=511 (full 3):
 PSYoungGen      total 4096K, used 3904K [0x00000000eab00000, 0x00000000eb000000, 0x0000000100000000)
  eden space 3072K, 100% used [0x00000000eab00000,0x00000000eae00000,0x00000000eae00000)
  from space 1024K, 81% used [0x00000000eae00000,0x00000000eaed0000,0x00000000eaf00000)
  to   space 1024K, 0% used [0x00000000eaf00000,0x00000000eaf00000,0x00000000eb000000)
 ParOldGen       total 479744K, used 479289K [0x00000000c0000000, 0x00000000dd480000, 0x00000000eab00000)
  object space 479744K, 99% used [0x00000000c0000000,0x00000000dd40e430,0x00000000dd480000)
 Metaspace       used 73140K, committed 74624K, reserved 1179648K
  class space    used 8663K, committed 9344K, reserved 1048576K
}
Event: 13.673 GC heap after
{Heap after GC invocations=511 (full 3):
 PSYoungGen      total 4096K, used 736K [0x00000000eab00000, 0x00000000eb000000, 0x0000000100000000)
  eden space 3072K, 0% used [0x00000000eab00000,0x00000000eab00000,0x00000000eae00000)
  from space 1024K, 71% used [0x00000000eaf00000,0x00000000eafb8000,0x00000000eb000000)
  to   space 1024K, 0% used [0x00000000eae00000,0x00000000eae00000,0x00000000eaf00000)
 ParOldGen       total 480256K, used 479929K [0x00000000c0000000, 0x00000000dd500000, 0x00000000eab00000)
  object space 480256K, 99% used [0x00000000c0000000,0x00000000dd4ae640,0x00000000dd500000)
 Metaspace       used 73140K, committed 74624K, reserved 1179648K
  class space    used 8663K, committed 9344K, reserved 1048576K
}
Event: 13.697 GC heap before
{Heap before GC invocations=512 (full 3):
 PSYoungGen      total 4096K, used 3808K [0x00000000eab00000, 0x00000000eb000000, 0x0000000100000000)
  eden space 3072K, 100% used [0x00000000eab00000,0x00000000eae00000,0x00000000eae00000)
  from space 1024K, 71% used [0x00000000eaf00000,0x00000000eafb8000,0x00000000eb000000)
  to   space 1024K, 0% used [0x00000000eae00000,0x00000000eae00000,0x00000000eaf00000)
 ParOldGen       total 480256K, used 479929K [0x00000000c0000000, 0x00000000dd500000, 0x00000000eab00000)
  object space 480256K, 99% used [0x00000000c0000000,0x00000000dd4ae640,0x00000000dd500000)
 Metaspace       used 73317K, committed 74752K, reserved 1179648K
  class space    used 8684K, committed 9344K, reserved 1048576K
}
Event: 13.699 GC heap after
{Heap after GC invocations=512 (full 3):
 PSYoungGen      total 4096K, used 800K [0x00000000eab00000, 0x00000000eb000000, 0x0000000100000000)
  eden space 3072K, 0% used [0x00000000eab00000,0x00000000eab00000,0x00000000eae00000)
  from space 1024K, 78% used [0x00000000eae00000,0x00000000eaec8000,0x00000000eaf00000)
  to   space 1024K, 0% used [0x00000000eaf00000,0x00000000eaf00000,0x00000000eb000000)
 ParOldGen       total 480768K, used 480469K [0x00000000c0000000, 0x00000000dd580000, 0x00000000eab00000)
  object space 480768K, 99% used [0x00000000c0000000,0x00000000dd535640,0x00000000dd580000)
 Metaspace       used 73317K, committed 74752K, reserved 1179648K
  class space    used 8684K, committed 9344K, reserved 1048576K
}
Event: 13.744 GC heap before
{Heap before GC invocations=513 (full 3):
 PSYoungGen      total 4096K, used 3872K [0x00000000eab00000, 0x00000000eb000000, 0x0000000100000000)
  eden space 3072K, 100% used [0x00000000eab00000,0x00000000eae00000,0x00000000eae00000)
  from space 1024K, 78% used [0x00000000eae00000,0x00000000eaec8000,0x00000000eaf00000)
  to   space 1024K, 0% used [0x00000000eaf00000,0x00000000eaf00000,0x00000000eb000000)
 ParOldGen       total 480768K, used 480469K [0x00000000c0000000, 0x00000000dd580000, 0x00000000eab00000)
  object space 480768K, 99% used [0x00000000c0000000,0x00000000dd535640,0x00000000dd580000)
 Metaspace       used 73620K, committed 75072K, reserved 1179648K
  class space    used 8707K, committed 9344K, reserved 1048576K
}
Event: 13.745 GC heap after
{Heap after GC invocations=513 (full 3):
 PSYoungGen      total 4096K, used 768K [0x00000000eab00000, 0x00000000eb000000, 0x0000000100000000)
  eden space 3072K, 0% used [0x00000000eab00000,0x00000000eab00000,0x00000000eae00000)
  from space 1024K, 75% used [0x00000000eaf00000,0x00000000eafc0000,0x00000000eb000000)
  to   space 1024K, 0% used [0x00000000eae00000,0x00000000eae00000,0x00000000eaf00000)
 ParOldGen       total 481280K, used 481073K [0x00000000c0000000, 0x00000000dd600000, 0x00000000eab00000)
  object space 481280K, 99% used [0x00000000c0000000,0x00000000dd5cc470,0x00000000dd600000)
 Metaspace       used 73620K, committed 75072K, reserved 1179648K
  class space    used 8707K, committed 9344K, reserved 1048576K
}
Event: 13.785 GC heap before
{Heap before GC invocations=514 (full 3):
 PSYoungGen      total 4096K, used 3839K [0x00000000eab00000, 0x00000000eb000000, 0x0000000100000000)
  eden space 3072K, 99% used [0x00000000eab00000,0x00000000eadffea0,0x00000000eae00000)
  from space 1024K, 75% used [0x00000000eaf00000,0x00000000eafc0000,0x00000000eb000000)
  to   space 1024K, 0% used [0x00000000eae00000,0x00000000eae00000,0x00000000eaf00000)
 ParOldGen       total 481280K, used 481073K [0x00000000c0000000, 0x00000000dd600000, 0x00000000eab00000)
  object space 481280K, 99% used [0x00000000c0000000,0x00000000dd5cc470,0x00000000dd600000)
 Metaspace       used 73959K, committed 75456K, reserved 1179648K
  class space    used 8732K, committed 9408K, reserved 1048576K
}
Event: 13.786 GC heap after
{Heap after GC invocations=514 (full 3):
 PSYoungGen      total 4096K, used 832K [0x00000000eab00000, 0x00000000eb000000, 0x0000000100000000)
  eden space 3072K, 0% used [0x00000000eab00000,0x00000000eab00000,0x00000000eae00000)
  from space 1024K, 81% used [0x00000000eae00000,0x00000000eaed0020,0x00000000eaf00000)
  to   space 1024K, 0% used [0x00000000eaf00000,0x00000000eaf00000,0x00000000eb000000)
 ParOldGen       total 481792K, used 481673K [0x00000000c0000000, 0x00000000dd680000, 0x00000000eab00000)
  object space 481792K, 99% used [0x00000000c0000000,0x00000000dd662470,0x00000000dd680000)
 Metaspace       used 73959K, committed 75456K, reserved 1179648K
  class space    used 8732K, committed 9408K, reserved 1048576K
}
Event: 13.818 GC heap before
{Heap before GC invocations=515 (full 3):
 PSYoungGen      total 4096K, used 3883K [0x00000000eab00000, 0x00000000eb000000, 0x0000000100000000)
  eden space 3072K, 99% used [0x00000000eab00000,0x00000000eadfaf00,0x00000000eae00000)
  from space 1024K, 81% used [0x00000000eae00000,0x00000000eaed0020,0x00000000eaf00000)
  to   space 1024K, 0% used [0x00000000eaf00000,0x00000000eaf00000,0x00000000eb000000)
 ParOldGen       total 481792K, used 481673K [0x00000000c0000000, 0x00000000dd680000, 0x00000000eab00000)
  object space 481792K, 99% used [0x00000000c0000000,0x00000000dd662470,0x00000000dd680000)
 Metaspace       used 74396K, committed 75968K, reserved 1179648K
  class space    used 8772K, committed 9472K, reserved 1048576K
}
Event: 13.818 GC heap after
{Heap after GC invocations=515 (full 3):
 PSYoungGen      total 4096K, used 608K [0x00000000eab00000, 0x00000000eb000000, 0x0000000100000000)
  eden space 3072K, 0% used [0x00000000eab00000,0x00000000eab00000,0x00000000eae00000)
  from space 1024K, 59% used [0x00000000eaf00000,0x00000000eaf98000,0x00000000eb000000)
  to   space 1024K, 0% used [0x00000000eae00000,0x00000000eae00000,0x00000000eaf00000)
 ParOldGen       total 482304K, used 482221K [0x00000000c0000000, 0x00000000dd700000, 0x00000000eab00000)
  object space 482304K, 99% used [0x00000000c0000000,0x00000000dd6eb4a0,0x00000000dd700000)
 Metaspace       used 74396K, committed 75968K, reserved 1179648K
  class space    used 8772K, committed 9472K, reserved 1048576K
}
Event: 13.854 GC heap before
{Heap before GC invocations=516 (full 3):
 PSYoungGen      total 4096K, used 3656K [0x00000000eab00000, 0x00000000eb000000, 0x0000000100000000)
  eden space 3072K, 99% used [0x00000000eab00000,0x00000000eadfa2e8,0x00000000eae00000)
  from space 1024K, 59% used [0x00000000eaf00000,0x00000000eaf98000,0x00000000eb000000)
  to   space 1024K, 0% used [0x00000000eae00000,0x00000000eae00000,0x00000000eaf00000)
 ParOldGen       total 482304K, used 482221K [0x00000000c0000000, 0x00000000dd700000, 0x00000000eab00000)
  object space 482304K, 99% used [0x00000000c0000000,0x00000000dd6eb4a0,0x00000000dd700000)
 Metaspace       used 74647K, committed 76160K, reserved 1179648K
  class space    used 8782K, committed 9472K, reserved 1048576K
}
Event: 13.854 GC heap after
{Heap after GC invocations=516 (full 3):
 PSYoungGen      total 4096K, used 832K [0x00000000eab00000, 0x00000000eb000000, 0x0000000100000000)
  eden space 3072K, 0% used [0x00000000eab00000,0x00000000eab00000,0x00000000eae00000)
  from space 1024K, 81% used [0x00000000eae00000,0x00000000eaed0000,0x00000000eaf00000)
  to   space 1024K, 0% used [0x00000000eaf00000,0x00000000eaf00000,0x00000000eb000000)
 ParOldGen       total 482816K, used 482656K [0x00000000c0000000, 0x00000000dd780000, 0x00000000eab00000)
  object space 482816K, 99% used [0x00000000c0000000,0x00000000dd758390,0x00000000dd780000)
 Metaspace       used 74647K, committed 76160K, reserved 1179648K
  class space    used 8782K, committed 9472K, reserved 1048576K
}

