# JRE version: OpenJDK Runtime Environment Temurin-21.0.6+7 (21.0.6+7) (build 21.0.6+7-LTS)
# Java VM: OpenJDK 64-Bit Server VM Temurin-21.0.6+7 (21.0.6+7-LTS, mixed mode, sharing, tiered, compressed oops, compressed class ptrs, parallel gc, windows-amd64)
GC Precious Log:
 CardTable entry size: 512
 CPUs: 20 total, 20 available
 Memory: 16004M
 Large Page Support: Disabled
 NUMA Support: Disabled
 Compressed Oops: Enabled (32-bit)
 Alignments: Space 512K, Generation 512K, Heap 2M
 Heap Min Capacity: 100M
 Heap Initial Capacity: 100M
 Heap Max Capacity: 1G
 Pre-touch: Disabled
 Parallel Workers: 15
Heap:
 PSYoungGen      total 26624K, used 20766K [0x00000000eab00000, 0x00000000ecf00000, 0x0000000100000000)
  eden space 21504K, 72% used [0x00000000eab00000,0x00000000eba4e470,0x00000000ec000000)
  from space 5120K, 99% used [0x00000000ec000000,0x00000000ec4f9410,0x00000000ec500000)
  to   space 7680K, 0% used [0x00000000ec780000,0x00000000ec780000,0x00000000ecf00000)
 ParOldGen       total 68608K, used 25221K [0x00000000c0000000, 0x00000000c4300000, 0x00000000eab00000)
  object space 68608K, 36% used [0x00000000c0000000,0x00000000c18a1510,0x00000000c4300000)
 Metaspace       used 41449K, committed 42496K, reserved 1114112K
  class space    used 4429K, committed 4864K, reserved 1048576K
GC Heap History (20 events):
Event: 2.234 GC heap before
{Heap before GC invocations=10 (full 1):
 PSYoungGen      total 29184K, used 24025K [0x00000000eab00000, 0x00000000ece80000, 0x0000000100000000)
  eden space 24064K, 99% used [0x00000000eab00000,0x00000000ec276478,0x00000000ec280000)
  from space 5120K, 0% used [0x00000000ec980000,0x00000000ec980000,0x00000000ece80000)
  to   space 5632K, 0% used [0x00000000ec380000,0x00000000ec380000,0x00000000ec900000)
 ParOldGen       total 68608K, used 15129K [0x00000000c0000000, 0x00000000c4300000, 0x00000000eab00000)
  object space 68608K, 22% used [0x00000000c0000000,0x00000000c0ec64b8,0x00000000c4300000)
 Metaspace       used 23333K, committed 24192K, reserved 1114112K
  class space    used 2228K, committed 2624K, reserved 1048576K
}
Event: 2.235 GC heap after
{Heap after GC invocations=10 (full 1):
 PSYoungGen      total 24064K, used 510K [0x00000000eab00000, 0x00000000eca00000, 0x0000000100000000)
  eden space 23552K, 0% used [0x00000000eab00000,0x00000000eab00000,0x00000000ec200000)
  from space 512K, 99% used [0x00000000ec380000,0x00000000ec3ffba8,0x00000000ec400000)
  to   space 2560K, 0% used [0x00000000ec780000,0x00000000ec780000,0x00000000eca00000)
 ParOldGen       total 68608K, used 15137K [0x00000000c0000000, 0x00000000c4300000, 0x00000000eab00000)
  object space 68608K, 22% used [0x00000000c0000000,0x00000000c0ec84b8,0x00000000c4300000)
 Metaspace       used 23333K, committed 24192K, reserved 1114112K
  class space    used 2228K, committed 2624K, reserved 1048576K
}
Event: 2.367 GC heap before
{Heap before GC invocations=11 (full 1):
 PSYoungGen      total 24064K, used 24062K [0x00000000eab00000, 0x00000000eca00000, 0x0000000100000000)
  eden space 23552K, 100% used [0x00000000eab00000,0x00000000ec200000,0x00000000ec200000)
  from space 512K, 99% used [0x00000000ec380000,0x00000000ec3ffba8,0x00000000ec400000)
  to   space 2560K, 0% used [0x00000000ec780000,0x00000000ec780000,0x00000000eca00000)
 ParOldGen       total 68608K, used 15137K [0x00000000c0000000, 0x00000000c4300000, 0x00000000eab00000)
  object space 68608K, 22% used [0x00000000c0000000,0x00000000c0ec84b8,0x00000000c4300000)
 Metaspace       used 26388K, committed 27200K, reserved 1114112K
  class space    used 2466K, committed 2816K, reserved 1048576K
}
Event: 2.368 GC heap after
{Heap after GC invocations=11 (full 1):
 PSYoungGen      total 25600K, used 2350K [0x00000000eab00000, 0x00000000eca00000, 0x0000000100000000)
  eden space 23040K, 0% used [0x00000000eab00000,0x00000000eab00000,0x00000000ec180000)
  from space 2560K, 91% used [0x00000000ec780000,0x00000000ec9cb858,0x00000000eca00000)
  to   space 3072K, 0% used [0x00000000ec400000,0x00000000ec400000,0x00000000ec700000)
 ParOldGen       total 68608K, used 15145K [0x00000000c0000000, 0x00000000c4300000, 0x00000000eab00000)
  object space 68608K, 22% used [0x00000000c0000000,0x00000000c0eca4b8,0x00000000c4300000)
 Metaspace       used 26388K, committed 27200K, reserved 1114112K
  class space    used 2466K, committed 2816K, reserved 1048576K
}
Event: 2.506 GC heap before
{Heap before GC invocations=12 (full 1):
 PSYoungGen      total 25600K, used 25390K [0x00000000eab00000, 0x00000000eca00000, 0x0000000100000000)
  eden space 23040K, 100% used [0x00000000eab00000,0x00000000ec180000,0x00000000ec180000)
  from space 2560K, 91% used [0x00000000ec780000,0x00000000ec9cb858,0x00000000eca00000)
  to   space 3072K, 0% used [0x00000000ec400000,0x00000000ec400000,0x00000000ec700000)
 ParOldGen       total 68608K, used 15145K [0x00000000c0000000, 0x00000000c4300000, 0x00000000eab00000)
  object space 68608K, 22% used [0x00000000c0000000,0x00000000c0eca4b8,0x00000000c4300000)
 Metaspace       used 28299K, committed 29120K, reserved 1114112K
  class space    used 2626K, committed 3008K, reserved 1048576K
}
Event: 2.507 GC heap after
{Heap after GC invocations=12 (full 1):
 PSYoungGen      total 24064K, used 1113K [0x00000000eab00000, 0x00000000ec800000, 0x0000000100000000)
  eden space 22528K, 0% used [0x00000000eab00000,0x00000000eab00000,0x00000000ec100000)
  from space 1536K, 72% used [0x00000000ec400000,0x00000000ec516480,0x00000000ec580000)
  to   space 2048K, 0% used [0x00000000ec600000,0x00000000ec600000,0x00000000ec800000)
 ParOldGen       total 68608K, used 17280K [0x00000000c0000000, 0x00000000c4300000, 0x00000000eab00000)
  object space 68608K, 25% used [0x00000000c0000000,0x00000000c10e0250,0x00000000c4300000)
 Metaspace       used 28299K, committed 29120K, reserved 1114112K
  class space    used 2626K, committed 3008K, reserved 1048576K
}
Event: 2.629 GC heap before
{Heap before GC invocations=13 (full 1):
 PSYoungGen      total 24064K, used 23641K [0x00000000eab00000, 0x00000000ec800000, 0x0000000100000000)
  eden space 22528K, 100% used [0x00000000eab00000,0x00000000ec100000,0x00000000ec100000)
  from space 1536K, 72% used [0x00000000ec400000,0x00000000ec516480,0x00000000ec580000)
  to   space 2048K, 0% used [0x00000000ec600000,0x00000000ec600000,0x00000000ec800000)
 ParOldGen       total 68608K, used 17280K [0x00000000c0000000, 0x00000000c4300000, 0x00000000eab00000)
  object space 68608K, 25% used [0x00000000c0000000,0x00000000c10e0250,0x00000000c4300000)
 Metaspace       used 31192K, committed 32128K, reserved 1114112K
  class space    used 2961K, committed 3392K, reserved 1048576K
}
Event: 2.630 GC heap after
{Heap after GC invocations=13 (full 1):
 PSYoungGen      total 24064K, used 1640K [0x00000000eab00000, 0x00000000ec800000, 0x0000000100000000)
  eden space 22016K, 0% used [0x00000000eab00000,0x00000000eab00000,0x00000000ec080000)
  from space 2048K, 80% used [0x00000000ec600000,0x00000000ec79a238,0x00000000ec800000)
  to   space 2048K, 0% used [0x00000000ec400000,0x00000000ec400000,0x00000000ec600000)
 ParOldGen       total 68608K, used 18286K [0x00000000c0000000, 0x00000000c4300000, 0x00000000eab00000)
  object space 68608K, 26% used [0x00000000c0000000,0x00000000c11db990,0x00000000c4300000)
 Metaspace       used 31192K, committed 32128K, reserved 1114112K
  class space    used 2961K, committed 3392K, reserved 1048576K
}
Event: 2.745 GC heap before
{Heap before GC invocations=14 (full 1):
 PSYoungGen      total 24064K, used 23656K [0x00000000eab00000, 0x00000000ec800000, 0x0000000100000000)
  eden space 22016K, 99% used [0x00000000eab00000,0x00000000ec07ffd8,0x00000000ec080000)
  from space 2048K, 80% used [0x00000000ec600000,0x00000000ec79a238,0x00000000ec800000)
  to   space 2048K, 0% used [0x00000000ec400000,0x00000000ec400000,0x00000000ec600000)
 ParOldGen       total 68608K, used 18286K [0x00000000c0000000, 0x00000000c4300000, 0x00000000eab00000)
  object space 68608K, 26% used [0x00000000c0000000,0x00000000c11db990,0x00000000c4300000)
 Metaspace       used 34014K, committed 35072K, reserved 1114112K
  class space    used 3339K, committed 3776K, reserved 1048576K
}
Event: 2.747 GC heap after
{Heap after GC invocations=14 (full 1):
 PSYoungGen      total 24064K, used 1824K [0x00000000eab00000, 0x00000000ec680000, 0x0000000100000000)
  eden space 22016K, 0% used [0x00000000eab00000,0x00000000eab00000,0x00000000ec080000)
  from space 2048K, 89% used [0x00000000ec400000,0x00000000ec5c8020,0x00000000ec600000)
  to   space 512K, 0% used [0x00000000ec600000,0x00000000ec600000,0x00000000ec680000)
 ParOldGen       total 68608K, used 19503K [0x00000000c0000000, 0x00000000c4300000, 0x00000000eab00000)
  object space 68608K, 28% used [0x00000000c0000000,0x00000000c130bcc8,0x00000000c4300000)
 Metaspace       used 34014K, committed 35072K, reserved 1114112K
  class space    used 3339K, committed 3776K, reserved 1048576K
}
Event: 2.780 GC heap before
{Heap before GC invocations=15 (full 1):
 PSYoungGen      total 24064K, used 9331K [0x00000000eab00000, 0x00000000ec680000, 0x0000000100000000)
  eden space 22016K, 34% used [0x00000000eab00000,0x00000000eb254c68,0x00000000ec080000)
  from space 2048K, 89% used [0x00000000ec400000,0x00000000ec5c8020,0x00000000ec600000)
  to   space 512K, 0% used [0x00000000ec600000,0x00000000ec600000,0x00000000ec680000)
 ParOldGen       total 68608K, used 19503K [0x00000000c0000000, 0x00000000c4300000, 0x00000000eab00000)
  object space 68608K, 28% used [0x00000000c0000000,0x00000000c130bcc8,0x00000000c4300000)
 Metaspace       used 34812K, committed 35840K, reserved 1114112K
  class space    used 3481K, committed 3968K, reserved 1048576K
}
Event: 2.781 GC heap after
{Heap after GC invocations=15 (full 1):
 PSYoungGen      total 22528K, used 512K [0x00000000eab00000, 0x00000000ec680000, 0x0000000100000000)
  eden space 22016K, 0% used [0x00000000eab00000,0x00000000eab00000,0x00000000ec080000)
  from space 512K, 100% used [0x00000000ec600000,0x00000000ec680000,0x00000000ec680000)
  to   space 2048K, 0% used [0x00000000ec280000,0x00000000ec280000,0x00000000ec480000)
 ParOldGen       total 68608K, used 20947K [0x00000000c0000000, 0x00000000c4300000, 0x00000000eab00000)
  object space 68608K, 30% used [0x00000000c0000000,0x00000000c1474dd8,0x00000000c4300000)
 Metaspace       used 34812K, committed 35840K, reserved 1114112K
  class space    used 3481K, committed 3968K, reserved 1048576K
}
Event: 2.781 GC heap before
{Heap before GC invocations=16 (full 2):
 PSYoungGen      total 22528K, used 512K [0x00000000eab00000, 0x00000000ec680000, 0x0000000100000000)
  eden space 22016K, 0% used [0x00000000eab00000,0x00000000eab00000,0x00000000ec080000)
  from space 512K, 100% used [0x00000000ec600000,0x00000000ec680000,0x00000000ec680000)
  to   space 2048K, 0% used [0x00000000ec280000,0x00000000ec280000,0x00000000ec480000)
 ParOldGen       total 68608K, used 20947K [0x00000000c0000000, 0x00000000c4300000, 0x00000000eab00000)
  object space 68608K, 30% used [0x00000000c0000000,0x00000000c1474dd8,0x00000000c4300000)
 Metaspace       used 34812K, committed 35840K, reserved 1114112K
  class space    used 3481K, committed 3968K, reserved 1048576K
}
Event: 2.799 GC heap after
{Heap after GC invocations=16 (full 2):
 PSYoungGen      total 22528K, used 0K [0x00000000eab00000, 0x00000000ec680000, 0x0000000100000000)
  eden space 22016K, 0% used [0x00000000eab00000,0x00000000eab00000,0x00000000ec080000)
  from space 512K, 0% used [0x00000000ec600000,0x00000000ec600000,0x00000000ec680000)
  to   space 2048K, 0% used [0x00000000ec280000,0x00000000ec280000,0x00000000ec480000)
 ParOldGen       total 68608K, used 20386K [0x00000000c0000000, 0x00000000c4300000, 0x00000000eab00000)
  object space 68608K, 29% used [0x00000000c0000000,0x00000000c13e89a8,0x00000000c4300000)
 Metaspace       used 34812K, committed 35840K, reserved 1114112K
  class space    used 3481K, committed 3968K, reserved 1048576K
}
Event: 2.900 GC heap before
{Heap before GC invocations=17 (full 2):
 PSYoungGen      total 22528K, used 22015K [0x00000000eab00000, 0x00000000ec680000, 0x0000000100000000)
  eden space 22016K, 99% used [0x00000000eab00000,0x00000000ec07ffd8,0x00000000ec080000)
  from space 512K, 0% used [0x00000000ec600000,0x00000000ec600000,0x00000000ec680000)
  to   space 2048K, 0% used [0x00000000ec280000,0x00000000ec280000,0x00000000ec480000)
 ParOldGen       total 68608K, used 20386K [0x00000000c0000000, 0x00000000c4300000, 0x00000000eab00000)
  object space 68608K, 29% used [0x00000000c0000000,0x00000000c13e89a8,0x00000000c4300000)
 Metaspace       used 37454K, committed 38528K, reserved 1114112K
  class space    used 3858K, committed 4288K, reserved 1048576K
}
Event: 2.901 GC heap after
{Heap after GC invocations=17 (full 2):
 PSYoungGen      total 24064K, used 992K [0x00000000eab00000, 0x00000000ec680000, 0x0000000100000000)
  eden space 22016K, 0% used [0x00000000eab00000,0x00000000eab00000,0x00000000ec080000)
  from space 2048K, 48% used [0x00000000ec280000,0x00000000ec378000,0x00000000ec480000)
  to   space 1536K, 0% used [0x00000000ec500000,0x00000000ec500000,0x00000000ec680000)
 ParOldGen       total 68608K, used 20394K [0x00000000c0000000, 0x00000000c4300000, 0x00000000eab00000)
  object space 68608K, 29% used [0x00000000c0000000,0x00000000c13ea9a8,0x00000000c4300000)
 Metaspace       used 37454K, committed 38528K, reserved 1114112K
  class space    used 3858K, committed 4288K, reserved 1048576K
}
Event: 3.033 GC heap before
{Heap before GC invocations=18 (full 2):
 PSYoungGen      total 24064K, used 23008K [0x00000000eab00000, 0x00000000ec680000, 0x0000000100000000)
  eden space 22016K, 100% used [0x00000000eab00000,0x00000000ec080000,0x00000000ec080000)
  from space 2048K, 48% used [0x00000000ec280000,0x00000000ec378000,0x00000000ec480000)
  to   space 1536K, 0% used [0x00000000ec500000,0x00000000ec500000,0x00000000ec680000)
 ParOldGen       total 68608K, used 20394K [0x00000000c0000000, 0x00000000c4300000, 0x00000000eab00000)
  object space 68608K, 29% used [0x00000000c0000000,0x00000000c13ea9a8,0x00000000c4300000)
 Metaspace       used 38692K, committed 39744K, reserved 1114112K
  class space    used 4032K, committed 4480K, reserved 1048576K
}
Event: 3.034 GC heap after
{Heap after GC invocations=18 (full 2):
 PSYoungGen      total 23040K, used 1533K [0x00000000eab00000, 0x00000000eca80000, 0x0000000100000000)
  eden space 21504K, 0% used [0x00000000eab00000,0x00000000eab00000,0x00000000ec000000)
  from space 1536K, 99% used [0x00000000ec500000,0x00000000ec67f6a0,0x00000000ec680000)
  to   space 5120K, 0% used [0x00000000ec000000,0x00000000ec000000,0x00000000ec500000)
 ParOldGen       total 68608K, used 23328K [0x00000000c0000000, 0x00000000c4300000, 0x00000000eab00000)
  object space 68608K, 34% used [0x00000000c0000000,0x00000000c16c80f0,0x00000000c4300000)
 Metaspace       used 38692K, committed 39744K, reserved 1114112K
  class space    used 4032K, committed 4480K, reserved 1048576K
}
Event: 3.144 GC heap before
{Heap before GC invocations=19 (full 2):
 PSYoungGen      total 23040K, used 23037K [0x00000000eab00000, 0x00000000eca80000, 0x0000000100000000)
  eden space 21504K, 100% used [0x00000000eab00000,0x00000000ec000000,0x00000000ec000000)
  from space 1536K, 99% used [0x00000000ec500000,0x00000000ec67f6a0,0x00000000ec680000)
  to   space 5120K, 0% used [0x00000000ec000000,0x00000000ec000000,0x00000000ec500000)
 ParOldGen       total 68608K, used 23328K [0x00000000c0000000, 0x00000000c4300000, 0x00000000eab00000)
  object space 68608K, 34% used [0x00000000c0000000,0x00000000c16c80f0,0x00000000c4300000)
 Metaspace       used 40050K, committed 41088K, reserved 1114112K
  class space    used 4231K, committed 4672K, reserved 1048576K
}
Event: 3.145 GC heap after
{Heap after GC invocations=19 (full 2):
 PSYoungGen      total 26624K, used 5093K [0x00000000eab00000, 0x00000000ecf00000, 0x0000000100000000)
  eden space 21504K, 0% used [0x00000000eab00000,0x00000000eab00000,0x00000000ec000000)
  from space 5120K, 99% used [0x00000000ec000000,0x00000000ec4f9410,0x00000000ec500000)
  to   space 7680K, 0% used [0x00000000ec780000,0x00000000ec780000,0x00000000ecf00000)
 ParOldGen       total 68608K, used 25221K [0x00000000c0000000, 0x00000000c4300000, 0x00000000eab00000)
  object space 68608K, 36% used [0x00000000c0000000,0x00000000c18a1510,0x00000000c4300000)
 Metaspace       used 40050K, committed 41088K, reserved 1114112K
  class space    used 4231K, committed 4672K, reserved 1048576K
}

