# JRE version: OpenJDK Runtime Environment Temurin-21.0.6+7 (21.0.6+7) (build 21.0.6+7-LTS)
# Java VM: OpenJDK 64-Bit Server VM Temurin-21.0.6+7 (21.0.6+7-LTS, mixed mode, sharing, tiered, compressed oops, compressed class ptrs, parallel gc, windows-amd64)
GC Precious Log:
 CardTable entry size: 512
 CPUs: 20 total, 20 available
 Memory: 16004M
 Large Page Support: Disabled
 NUMA Support: Disabled
 Compressed Oops: Enabled (32-bit)
 Alignments: Space 512K, Generation 512K, Heap 2M
 Heap Min Capacity: 100M
 Heap Initial Capacity: 100M
 Heap Max Capacity: 1G
 Pre-touch: Disabled
 Parallel Workers: 15
Heap:
 PSYoungGen      total 2560K, used 1285K [0x00000000eab00000, 0x00000000eaf00000, 0x0000000100000000)
  eden space 1536K, 27% used [0x00000000eab00000,0x00000000eab69688,0x00000000eac80000)
  from space 1024K, 84% used [0x00000000eac80000,0x00000000ead58000,0x00000000ead80000)
  to   space 1024K, 0% used [0x00000000eae00000,0x00000000eae00000,0x00000000eaf00000)
 ParOldGen       total 523264K, used 523259K [0x00000000c0000000, 0x00000000dff00000, 0x00000000eab00000)
  object space 523264K, 99% used [0x00000000c0000000,0x00000000dfefed70,0x00000000dff00000)
 Metaspace       used 76834K, committed 78336K, reserved 1179648K
  class space    used 8900K, committed 9600K, reserved 1048576K
GC Heap History (20 events):
Event: 14.404 GC heap after
{Heap after GC invocations=559 (full 3):
 PSYoungGen      total 2048K, used 1536K [0x00000000eab00000, 0x00000000eb700000, 0x0000000100000000)
  eden space 512K, 0% used [0x00000000eab00000,0x00000000eab00000,0x00000000eab80000)
  from space 1536K, 100% used [0x00000000eaf00000,0x00000000eb080000,0x00000000eb080000)
  to   space 3584K, 0% used [0x00000000eab80000,0x00000000eab80000,0x00000000eaf00000)
 ParOldGen       total 516096K, used 515983K [0x00000000c0000000, 0x00000000df800000, 0x00000000eab00000)
  object space 516096K, 99% used [0x00000000c0000000,0x00000000df7e3db8,0x00000000df800000)
 Metaspace       used 76543K, committed 77952K, reserved 1179648K
  class space    used 8871K, committed 9536K, reserved 1048576K
}
Event: 14.409 GC heap before
{Heap before GC invocations=560 (full 3):
 PSYoungGen      total 2048K, used 2048K [0x00000000eab00000, 0x00000000eb700000, 0x0000000100000000)
  eden space 512K, 100% used [0x00000000eab00000,0x00000000eab80000,0x00000000eab80000)
  from space 1536K, 100% used [0x00000000eaf00000,0x00000000eb080000,0x00000000eb080000)
  to   space 3584K, 0% used [0x00000000eab80000,0x00000000eab80000,0x00000000eaf00000)
 ParOldGen       total 517120K, used 516647K [0x00000000c0000000, 0x00000000df900000, 0x00000000eab00000)
  object space 517120K, 99% used [0x00000000c0000000,0x00000000df889dc8,0x00000000df900000)
 Metaspace       used 76543K, committed 77952K, reserved 1179648K
  class space    used 8871K, committed 9536K, reserved 1048576K
}
Event: 14.412 GC heap after
{Heap after GC invocations=560 (full 3):
 PSYoungGen      total 1536K, used 608K [0x00000000eab00000, 0x00000000eb000000, 0x0000000100000000)
  eden space 512K, 0% used [0x00000000eab00000,0x00000000eab00000,0x00000000eab80000)
  from space 1024K, 59% used [0x00000000eab80000,0x00000000eac18000,0x00000000eac80000)
  to   space 2048K, 0% used [0x00000000eae00000,0x00000000eae00000,0x00000000eb000000)
 ParOldGen       total 518656K, used 518303K [0x00000000c0000000, 0x00000000dfa80000, 0x00000000eab00000)
  object space 518656K, 99% used [0x00000000c0000000,0x00000000dfa27dc8,0x00000000dfa80000)
 Metaspace       used 76543K, committed 77952K, reserved 1179648K
  class space    used 8871K, committed 9536K, reserved 1048576K
}
Event: 14.420 GC heap before
{Heap before GC invocations=561 (full 3):
 PSYoungGen      total 1536K, used 1119K [0x00000000eab00000, 0x00000000eb000000, 0x0000000100000000)
  eden space 512K, 99% used [0x00000000eab00000,0x00000000eab7fd28,0x00000000eab80000)
  from space 1024K, 59% used [0x00000000eab80000,0x00000000eac18000,0x00000000eac80000)
  to   space 2048K, 0% used [0x00000000eae00000,0x00000000eae00000,0x00000000eb000000)
 ParOldGen       total 518656K, used 518303K [0x00000000c0000000, 0x00000000dfa80000, 0x00000000eab00000)
  object space 518656K, 99% used [0x00000000c0000000,0x00000000dfa27dc8,0x00000000dfa80000)
 Metaspace       used 76543K, committed 77952K, reserved 1179648K
  class space    used 8871K, committed 9536K, reserved 1048576K
}
Event: 14.421 GC heap after
{Heap after GC invocations=561 (full 3):
 PSYoungGen      total 1536K, used 352K [0x00000000eab00000, 0x00000000eae80000, 0x0000000100000000)
  eden space 1024K, 0% used [0x00000000eab00000,0x00000000eab00000,0x00000000eac00000)
  from space 512K, 68% used [0x00000000eae00000,0x00000000eae58000,0x00000000eae80000)
  to   space 1024K, 0% used [0x00000000eac80000,0x00000000eac80000,0x00000000ead80000)
 ParOldGen       total 519168K, used 518759K [0x00000000c0000000, 0x00000000dfb00000, 0x00000000eab00000)
  object space 519168K, 99% used [0x00000000c0000000,0x00000000dfa99dc8,0x00000000dfb00000)
 Metaspace       used 76543K, committed 77952K, reserved 1179648K
  class space    used 8871K, committed 9536K, reserved 1048576K
}
Event: 14.442 GC heap before
{Heap before GC invocations=562 (full 3):
 PSYoungGen      total 1536K, used 1376K [0x00000000eab00000, 0x00000000eae80000, 0x0000000100000000)
  eden space 1024K, 100% used [0x00000000eab00000,0x00000000eac00000,0x00000000eac00000)
  from space 512K, 68% used [0x00000000eae00000,0x00000000eae58000,0x00000000eae80000)
  to   space 1024K, 0% used [0x00000000eac80000,0x00000000eac80000,0x00000000ead80000)
 ParOldGen       total 519168K, used 518759K [0x00000000c0000000, 0x00000000dfb00000, 0x00000000eab00000)
  object space 519168K, 99% used [0x00000000c0000000,0x00000000dfa99dc8,0x00000000dfb00000)
 Metaspace       used 76637K, committed 78080K, reserved 1179648K
  class space    used 8883K, committed 9536K, reserved 1048576K
}
Event: 14.443 GC heap after
{Heap after GC invocations=562 (full 3):
 PSYoungGen      total 2560K, used 539K [0x00000000eab00000, 0x00000000eae80000, 0x0000000100000000)
  eden space 1536K, 0% used [0x00000000eab00000,0x00000000eab00000,0x00000000eac80000)
  from space 1024K, 52% used [0x00000000eac80000,0x00000000ead06d08,0x00000000ead80000)
  to   space 1024K, 0% used [0x00000000ead80000,0x00000000ead80000,0x00000000eae80000)
 ParOldGen       total 519168K, used 518847K [0x00000000c0000000, 0x00000000dfb00000, 0x00000000eab00000)
  object space 519168K, 99% used [0x00000000c0000000,0x00000000dfaafdc8,0x00000000dfb00000)
 Metaspace       used 76637K, committed 78080K, reserved 1179648K
  class space    used 8883K, committed 9536K, reserved 1048576K
}
Event: 14.458 GC heap before
{Heap before GC invocations=563 (full 3):
 PSYoungGen      total 2560K, used 2075K [0x00000000eab00000, 0x00000000eae80000, 0x0000000100000000)
  eden space 1536K, 100% used [0x00000000eab00000,0x00000000eac80000,0x00000000eac80000)
  from space 1024K, 52% used [0x00000000eac80000,0x00000000ead06d08,0x00000000ead80000)
  to   space 1024K, 0% used [0x00000000ead80000,0x00000000ead80000,0x00000000eae80000)
 ParOldGen       total 519168K, used 518847K [0x00000000c0000000, 0x00000000dfb00000, 0x00000000eab00000)
  object space 519168K, 99% used [0x00000000c0000000,0x00000000dfaafdc8,0x00000000dfb00000)
 Metaspace       used 76755K, committed 78208K, reserved 1179648K
  class space    used 8898K, committed 9600K, reserved 1048576K
}
Event: 14.458 GC heap after
{Heap after GC invocations=563 (full 3):
 PSYoungGen      total 2560K, used 576K [0x00000000eab00000, 0x00000000eae80000, 0x0000000100000000)
  eden space 1536K, 0% used [0x00000000eab00000,0x00000000eab00000,0x00000000eac80000)
  from space 1024K, 56% used [0x00000000ead80000,0x00000000eae10000,0x00000000eae80000)
  to   space 1024K, 0% used [0x00000000eac80000,0x00000000eac80000,0x00000000ead80000)
 ParOldGen       total 519168K, used 519055K [0x00000000c0000000, 0x00000000dfb00000, 0x00000000eab00000)
  object space 519168K, 99% used [0x00000000c0000000,0x00000000dfae3dc8,0x00000000dfb00000)
 Metaspace       used 76755K, committed 78208K, reserved 1179648K
  class space    used 8898K, committed 9600K, reserved 1048576K
}
Event: 14.471 GC heap before
{Heap before GC invocations=564 (full 3):
 PSYoungGen      total 2560K, used 2112K [0x00000000eab00000, 0x00000000eae80000, 0x0000000100000000)
  eden space 1536K, 100% used [0x00000000eab00000,0x00000000eac80000,0x00000000eac80000)
  from space 1024K, 56% used [0x00000000ead80000,0x00000000eae10000,0x00000000eae80000)
  to   space 1024K, 0% used [0x00000000eac80000,0x00000000eac80000,0x00000000ead80000)
 ParOldGen       total 519168K, used 519055K [0x00000000c0000000, 0x00000000dfb00000, 0x00000000eab00000)
  object space 519168K, 99% used [0x00000000c0000000,0x00000000dfae3dc8,0x00000000dfb00000)
 Metaspace       used 76771K, committed 78272K, reserved 1179648K
  class space    used 8899K, committed 9600K, reserved 1048576K
}
Event: 14.472 GC heap after
{Heap after GC invocations=564 (full 3):
 PSYoungGen      total 2560K, used 832K [0x00000000eab00000, 0x00000000eae80000, 0x0000000100000000)
  eden space 1536K, 0% used [0x00000000eab00000,0x00000000eab00000,0x00000000eac80000)
  from space 1024K, 81% used [0x00000000eac80000,0x00000000ead50000,0x00000000ead80000)
  to   space 1024K, 0% used [0x00000000ead80000,0x00000000ead80000,0x00000000eae80000)
 ParOldGen       total 519680K, used 519463K [0x00000000c0000000, 0x00000000dfb80000, 0x00000000eab00000)
  object space 519680K, 99% used [0x00000000c0000000,0x00000000dfb49dd8,0x00000000dfb80000)
 Metaspace       used 76771K, committed 78272K, reserved 1179648K
  class space    used 8899K, committed 9600K, reserved 1048576K
}
Event: 14.478 GC heap before
{Heap before GC invocations=565 (full 3):
 PSYoungGen      total 2560K, used 2368K [0x00000000eab00000, 0x00000000eae80000, 0x0000000100000000)
  eden space 1536K, 100% used [0x00000000eab00000,0x00000000eac80000,0x00000000eac80000)
  from space 1024K, 81% used [0x00000000eac80000,0x00000000ead50000,0x00000000ead80000)
  to   space 1024K, 0% used [0x00000000ead80000,0x00000000ead80000,0x00000000eae80000)
 ParOldGen       total 519680K, used 519463K [0x00000000c0000000, 0x00000000dfb80000, 0x00000000eab00000)
  object space 519680K, 99% used [0x00000000c0000000,0x00000000dfb49dd8,0x00000000dfb80000)
 Metaspace       used 76774K, committed 78272K, reserved 1179648K
  class space    used 8899K, committed 9600K, reserved 1048576K
}
Event: 14.479 GC heap after
{Heap after GC invocations=565 (full 3):
 PSYoungGen      total 2560K, used 896K [0x00000000eab00000, 0x00000000eae80000, 0x0000000100000000)
  eden space 1536K, 0% used [0x00000000eab00000,0x00000000eab00000,0x00000000eac80000)
  from space 1024K, 87% used [0x00000000ead80000,0x00000000eae60000,0x00000000eae80000)
  to   space 1024K, 0% used [0x00000000eac80000,0x00000000eac80000,0x00000000ead80000)
 ParOldGen       total 520192K, used 520134K [0x00000000c0000000, 0x00000000dfc00000, 0x00000000eab00000)
  object space 520192K, 99% used [0x00000000c0000000,0x00000000dfbf1a28,0x00000000dfc00000)
 Metaspace       used 76774K, committed 78272K, reserved 1179648K
  class space    used 8899K, committed 9600K, reserved 1048576K
}
Event: 14.493 GC heap before
{Heap before GC invocations=566 (full 3):
 PSYoungGen      total 2560K, used 2432K [0x00000000eab00000, 0x00000000eae80000, 0x0000000100000000)
  eden space 1536K, 100% used [0x00000000eab00000,0x00000000eac80000,0x00000000eac80000)
  from space 1024K, 87% used [0x00000000ead80000,0x00000000eae60000,0x00000000eae80000)
  to   space 1024K, 0% used [0x00000000eac80000,0x00000000eac80000,0x00000000ead80000)
 ParOldGen       total 520192K, used 520134K [0x00000000c0000000, 0x00000000dfc00000, 0x00000000eab00000)
  object space 520192K, 99% used [0x00000000c0000000,0x00000000dfbf1a28,0x00000000dfc00000)
 Metaspace       used 76789K, committed 78272K, reserved 1179648K
  class space    used 8899K, committed 9600K, reserved 1048576K
}
Event: 14.494 GC heap after
{Heap after GC invocations=566 (full 3):
 PSYoungGen      total 2560K, used 831K [0x00000000eab00000, 0x00000000eae80000, 0x0000000100000000)
  eden space 1536K, 0% used [0x00000000eab00000,0x00000000eab00000,0x00000000eac80000)
  from space 1024K, 81% used [0x00000000eac80000,0x00000000ead4fc40,0x00000000ead80000)
  to   space 1024K, 0% used [0x00000000ead80000,0x00000000ead80000,0x00000000eae80000)
 ParOldGen       total 521216K, used 520822K [0x00000000c0000000, 0x00000000dfd00000, 0x00000000eab00000)
  object space 521216K, 99% used [0x00000000c0000000,0x00000000dfc9da58,0x00000000dfd00000)
 Metaspace       used 76789K, committed 78272K, reserved 1179648K
  class space    used 8899K, committed 9600K, reserved 1048576K
}
Event: 14.502 GC heap before
{Heap before GC invocations=567 (full 3):
 PSYoungGen      total 2560K, used 2367K [0x00000000eab00000, 0x00000000eae80000, 0x0000000100000000)
  eden space 1536K, 100% used [0x00000000eab00000,0x00000000eac80000,0x00000000eac80000)
  from space 1024K, 81% used [0x00000000eac80000,0x00000000ead4fc40,0x00000000ead80000)
  to   space 1024K, 0% used [0x00000000ead80000,0x00000000ead80000,0x00000000eae80000)
 ParOldGen       total 521216K, used 520822K [0x00000000c0000000, 0x00000000dfd00000, 0x00000000eab00000)
  object space 521216K, 99% used [0x00000000c0000000,0x00000000dfc9da58,0x00000000dfd00000)
 Metaspace       used 76805K, committed 78272K, reserved 1179648K
  class space    used 8900K, committed 9600K, reserved 1048576K
}
Event: 14.503 GC heap after
{Heap after GC invocations=567 (full 3):
 PSYoungGen      total 2560K, used 864K [0x00000000eab00000, 0x00000000eae80000, 0x0000000100000000)
  eden space 1536K, 0% used [0x00000000eab00000,0x00000000eab00000,0x00000000eac80000)
  from space 1024K, 84% used [0x00000000ead80000,0x00000000eae58000,0x00000000eae80000)
  to   space 1024K, 0% used [0x00000000eac80000,0x00000000eac80000,0x00000000ead80000)
 ParOldGen       total 521728K, used 521500K [0x00000000c0000000, 0x00000000dfd80000, 0x00000000eab00000)
  object space 521728K, 99% used [0x00000000c0000000,0x00000000dfd47150,0x00000000dfd80000)
 Metaspace       used 76805K, committed 78272K, reserved 1179648K
  class space    used 8900K, committed 9600K, reserved 1048576K
}
Event: 14.514 GC heap before
{Heap before GC invocations=568 (full 3):
 PSYoungGen      total 2560K, used 2400K [0x00000000eab00000, 0x00000000eae80000, 0x0000000100000000)
  eden space 1536K, 100% used [0x00000000eab00000,0x00000000eac80000,0x00000000eac80000)
  from space 1024K, 84% used [0x00000000ead80000,0x00000000eae58000,0x00000000eae80000)
  to   space 1024K, 0% used [0x00000000eac80000,0x00000000eac80000,0x00000000ead80000)
 ParOldGen       total 521728K, used 521500K [0x00000000c0000000, 0x00000000dfd80000, 0x00000000eab00000)
  object space 521728K, 99% used [0x00000000c0000000,0x00000000dfd47150,0x00000000dfd80000)
 Metaspace       used 76815K, committed 78272K, reserved 1179648K
  class space    used 8900K, committed 9600K, reserved 1048576K
}
Event: 14.515 GC heap after
{Heap after GC invocations=568 (full 3):
 PSYoungGen      total 2560K, used 755K [0x00000000eab00000, 0x00000000eae80000, 0x0000000100000000)
  eden space 1536K, 0% used [0x00000000eab00000,0x00000000eab00000,0x00000000eac80000)
  from space 1024K, 73% used [0x00000000eac80000,0x00000000ead3cc00,0x00000000ead80000)
  to   space 1024K, 0% used [0x00000000ead80000,0x00000000ead80000,0x00000000eae80000)
 ParOldGen       total 522240K, used 522204K [0x00000000c0000000, 0x00000000dfe00000, 0x00000000eab00000)
  object space 522240K, 99% used [0x00000000c0000000,0x00000000dfdf7160,0x00000000dfe00000)
 Metaspace       used 76815K, committed 78272K, reserved 1179648K
  class space    used 8900K, committed 9600K, reserved 1048576K
}
Event: 14.529 GC heap before
{Heap before GC invocations=569 (full 3):
 PSYoungGen      total 2560K, used 2291K [0x00000000eab00000, 0x00000000eae80000, 0x0000000100000000)
  eden space 1536K, 100% used [0x00000000eab00000,0x00000000eac80000,0x00000000eac80000)
  from space 1024K, 73% used [0x00000000eac80000,0x00000000ead3cc00,0x00000000ead80000)
  to   space 1024K, 0% used [0x00000000ead80000,0x00000000ead80000,0x00000000eae80000)
 ParOldGen       total 522240K, used 522204K [0x00000000c0000000, 0x00000000dfe00000, 0x00000000eab00000)
  object space 522240K, 99% used [0x00000000c0000000,0x00000000dfdf7160,0x00000000dfe00000)
 Metaspace       used 76816K, committed 78272K, reserved 1179648K
  class space    used 8900K, committed 9600K, reserved 1048576K
}

