# JRE version: OpenJDK Runtime Environment Temurin-21.0.6+7 (21.0.6+7) (build 21.0.6+7-LTS)
# Java VM: OpenJDK 64-Bit Server VM Temurin-21.0.6+7 (21.0.6+7-LTS, mixed mode, sharing, tiered, compressed oops, compressed class ptrs, parallel gc, windows-amd64)
GC Precious Log:
 CardTable entry size: 512
 CPUs: 20 total, 20 available
 Memory: 16004M
 Large Page Support: Disabled
 NUMA Support: Disabled
 Compressed Oops: Enabled (32-bit)
 Alignments: Space 512K, Generation 512K, Heap 2M
 Heap Min Capacity: 100M
 Heap Initial Capacity: 100M
 Heap Max Capacity: 1G
 Pre-touch: Disabled
 Parallel Workers: 15
Heap:
 PSYoungGen      total 9216K, used 3835K [0x00000000eab00000, 0x00000000ebb80000, 0x0000000100000000)
  eden space 8704K, 38% used [0x00000000eab00000,0x00000000eae46c58,0x00000000eb380000)
  from space 512K, 93% used [0x00000000ebb00000,0x00000000ebb78000,0x00000000ebb80000)
  to   space 2048K, 0% used [0x00000000eb780000,0x00000000eb780000,0x00000000eb980000)
 ParOldGen       total 699392K, used 490243K [0x00000000c0000000, 0x00000000eab00000, 0x00000000eab00000)
  object space 699392K, 70% used [0x00000000c0000000,0x00000000ddec0ce8,0x00000000eab00000)
 Metaspace       used 67821K, committed 69184K, reserved 1114112K
  class space    used 8172K, committed 8768K, reserved 1048576K
GC Heap History (20 events):
Event: 12.525 GC heap before
{Heap before GC invocations=565 (full 3):
 PSYoungGen      total 14848K, used 12122K [0x00000000eab00000, 0x00000000ebe80000, 0x0000000100000000)
  eden space 8704K, 100% used [0x00000000eab00000,0x00000000eb380000,0x00000000eb380000)
  from space 6144K, 55% used [0x00000000eb380000,0x00000000eb6d6948,0x00000000eb980000)
  to   space 4608K, 0% used [0x00000000eba00000,0x00000000eba00000,0x00000000ebe80000)
 ParOldGen       total 699392K, used 465771K [0x00000000c0000000, 0x00000000eab00000, 0x00000000eab00000)
  object space 699392K, 66% used [0x00000000c0000000,0x00000000dc6dae30,0x00000000eab00000)
 Metaspace       used 65966K, committed 67328K, reserved 1114112K
  class space    used 7983K, committed 8576K, reserved 1048576K
}
Event: 12.527 GC heap after
{Heap after GC invocations=565 (full 3):
 PSYoungGen      total 12288K, used 3247K [0x00000000eab00000, 0x00000000ebd80000, 0x0000000100000000)
  eden space 8704K, 0% used [0x00000000eab00000,0x00000000eab00000,0x00000000eb380000)
  from space 3584K, 90% used [0x00000000eba00000,0x00000000ebd2bf78,0x00000000ebd80000)
  to   space 3584K, 0% used [0x00000000eb680000,0x00000000eb680000,0x00000000eba00000)
 ParOldGen       total 699392K, used 469093K [0x00000000c0000000, 0x00000000eab00000, 0x00000000eab00000)
  object space 699392K, 67% used [0x00000000c0000000,0x00000000dca19488,0x00000000eab00000)
 Metaspace       used 65966K, committed 67328K, reserved 1114112K
  class space    used 7983K, committed 8576K, reserved 1048576K
}
Event: 12.543 GC heap before
{Heap before GC invocations=566 (full 3):
 PSYoungGen      total 12288K, used 11951K [0x00000000eab00000, 0x00000000ebd80000, 0x0000000100000000)
  eden space 8704K, 100% used [0x00000000eab00000,0x00000000eb380000,0x00000000eb380000)
  from space 3584K, 90% used [0x00000000eba00000,0x00000000ebd2bf78,0x00000000ebd80000)
  to   space 3584K, 0% used [0x00000000eb680000,0x00000000eb680000,0x00000000eba00000)
 ParOldGen       total 699392K, used 469093K [0x00000000c0000000, 0x00000000eab00000, 0x00000000eab00000)
  object space 699392K, 67% used [0x00000000c0000000,0x00000000dca19488,0x00000000eab00000)
 Metaspace       used 65970K, committed 67328K, reserved 1114112K
  class space    used 7984K, committed 8576K, reserved 1048576K
}
Event: 12.546 GC heap after
{Heap after GC invocations=566 (full 3):
 PSYoungGen      total 12288K, used 3555K [0x00000000eab00000, 0x00000000ecb80000, 0x0000000100000000)
  eden space 8704K, 0% used [0x00000000eab00000,0x00000000eab00000,0x00000000eb380000)
  from space 3584K, 99% used [0x00000000eb680000,0x00000000eb9f8c58,0x00000000eba00000)
  to   space 12288K, 0% used [0x00000000ebf80000,0x00000000ebf80000,0x00000000ecb80000)
 ParOldGen       total 699392K, used 476133K [0x00000000c0000000, 0x00000000eab00000, 0x00000000eab00000)
  object space 699392K, 68% used [0x00000000c0000000,0x00000000dd0f9668,0x00000000eab00000)
 Metaspace       used 65970K, committed 67328K, reserved 1114112K
  class space    used 7984K, committed 8576K, reserved 1048576K
}
Event: 12.563 GC heap before
{Heap before GC invocations=567 (full 3):
 PSYoungGen      total 12288K, used 12259K [0x00000000eab00000, 0x00000000ecb80000, 0x0000000100000000)
  eden space 8704K, 100% used [0x00000000eab00000,0x00000000eb380000,0x00000000eb380000)
  from space 3584K, 99% used [0x00000000eb680000,0x00000000eb9f8c58,0x00000000eba00000)
  to   space 12288K, 0% used [0x00000000ebf80000,0x00000000ebf80000,0x00000000ecb80000)
 ParOldGen       total 699392K, used 476133K [0x00000000c0000000, 0x00000000eab00000, 0x00000000eab00000)
  object space 699392K, 68% used [0x00000000c0000000,0x00000000dd0f9668,0x00000000eab00000)
 Metaspace       used 65996K, committed 67328K, reserved 1114112K
  class space    used 7984K, committed 8576K, reserved 1048576K
}
Event: 12.566 GC heap after
{Heap after GC invocations=567 (full 3):
 PSYoungGen      total 15360K, used 6255K [0x00000000eab00000, 0x00000000ec600000, 0x0000000100000000)
  eden space 8704K, 0% used [0x00000000eab00000,0x00000000eab00000,0x00000000eb380000)
  from space 6656K, 93% used [0x00000000ebf80000,0x00000000ec59bc08,0x00000000ec600000)
  to   space 8192K, 0% used [0x00000000eb600000,0x00000000eb600000,0x00000000ebe00000)
 ParOldGen       total 699392K, used 479612K [0x00000000c0000000, 0x00000000eab00000, 0x00000000eab00000)
  object space 699392K, 68% used [0x00000000c0000000,0x00000000dd45f050,0x00000000eab00000)
 Metaspace       used 65996K, committed 67328K, reserved 1114112K
  class space    used 7984K, committed 8576K, reserved 1048576K
}
Event: 16.726 GC heap before
{Heap before GC invocations=568 (full 3):
 PSYoungGen      total 15360K, used 14958K [0x00000000eab00000, 0x00000000ec600000, 0x0000000100000000)
  eden space 8704K, 99% used [0x00000000eab00000,0x00000000eb37fd98,0x00000000eb380000)
  from space 6656K, 93% used [0x00000000ebf80000,0x00000000ec59bc08,0x00000000ec600000)
  to   space 8192K, 0% used [0x00000000eb600000,0x00000000eb600000,0x00000000ebe00000)
 ParOldGen       total 699392K, used 479612K [0x00000000c0000000, 0x00000000eab00000, 0x00000000eab00000)
  object space 699392K, 68% used [0x00000000c0000000,0x00000000dd45f050,0x00000000eab00000)
 Metaspace       used 66317K, committed 67712K, reserved 1114112K
  class space    used 7999K, committed 8640K, reserved 1048576K
}
Event: 16.729 GC heap after
{Heap after GC invocations=568 (full 3):
 PSYoungGen      total 11264K, used 2065K [0x00000000eab00000, 0x00000000ec000000, 0x0000000100000000)
  eden space 8704K, 0% used [0x00000000eab00000,0x00000000eab00000,0x00000000eb380000)
  from space 2560K, 80% used [0x00000000eb600000,0x00000000eb804638,0x00000000eb880000)
  to   space 4096K, 0% used [0x00000000ebc00000,0x00000000ebc00000,0x00000000ec000000)
 ParOldGen       total 699392K, used 484574K [0x00000000c0000000, 0x00000000eab00000, 0x00000000eab00000)
  object space 699392K, 69% used [0x00000000c0000000,0x00000000dd937838,0x00000000eab00000)
 Metaspace       used 66317K, committed 67712K, reserved 1114112K
  class space    used 7999K, committed 8640K, reserved 1048576K
}
Event: 19.248 GC heap before
{Heap before GC invocations=569 (full 3):
 PSYoungGen      total 11264K, used 10769K [0x00000000eab00000, 0x00000000ec000000, 0x0000000100000000)
  eden space 8704K, 100% used [0x00000000eab00000,0x00000000eb380000,0x00000000eb380000)
  from space 2560K, 80% used [0x00000000eb600000,0x00000000eb804638,0x00000000eb880000)
  to   space 4096K, 0% used [0x00000000ebc00000,0x00000000ebc00000,0x00000000ec000000)
 ParOldGen       total 699392K, used 484574K [0x00000000c0000000, 0x00000000eab00000, 0x00000000eab00000)
  object space 699392K, 69% used [0x00000000c0000000,0x00000000dd937838,0x00000000eab00000)
 Metaspace       used 66599K, committed 68032K, reserved 1114112K
  class space    used 8038K, committed 8704K, reserved 1048576K
}
Event: 19.250 GC heap after
{Heap after GC invocations=569 (full 3):
 PSYoungGen      total 9216K, used 512K [0x00000000eab00000, 0x00000000ebc80000, 0x0000000100000000)
  eden space 8704K, 0% used [0x00000000eab00000,0x00000000eab00000,0x00000000eb380000)
  from space 512K, 100% used [0x00000000ebc00000,0x00000000ebc80000,0x00000000ebc80000)
  to   space 1536K, 0% used [0x00000000eb980000,0x00000000eb980000,0x00000000ebb00000)
 ParOldGen       total 699392K, used 486455K [0x00000000c0000000, 0x00000000eab00000, 0x00000000eab00000)
  object space 699392K, 69% used [0x00000000c0000000,0x00000000ddb0de70,0x00000000eab00000)
 Metaspace       used 66599K, committed 68032K, reserved 1114112K
  class space    used 8038K, committed 8704K, reserved 1048576K
}
Event: 27.671 GC heap before
{Heap before GC invocations=570 (full 3):
 PSYoungGen      total 9216K, used 9216K [0x00000000eab00000, 0x00000000ebc80000, 0x0000000100000000)
  eden space 8704K, 100% used [0x00000000eab00000,0x00000000eb380000,0x00000000eb380000)
  from space 512K, 100% used [0x00000000ebc00000,0x00000000ebc80000,0x00000000ebc80000)
  to   space 1536K, 0% used [0x00000000eb980000,0x00000000eb980000,0x00000000ebb00000)
 ParOldGen       total 699392K, used 486455K [0x00000000c0000000, 0x00000000eab00000, 0x00000000eab00000)
  object space 699392K, 69% used [0x00000000c0000000,0x00000000ddb0de70,0x00000000eab00000)
 Metaspace       used 66689K, committed 68160K, reserved 1114112K
  class space    used 8040K, committed 8704K, reserved 1048576K
}
Event: 27.672 GC heap after
{Heap after GC invocations=570 (full 3):
 PSYoungGen      total 10240K, used 416K [0x00000000eab00000, 0x00000000ebc80000, 0x0000000100000000)
  eden space 8704K, 0% used [0x00000000eab00000,0x00000000eab00000,0x00000000eb380000)
  from space 1536K, 27% used [0x00000000eb980000,0x00000000eb9e8000,0x00000000ebb00000)
  to   space 1024K, 0% used [0x00000000ebb80000,0x00000000ebb80000,0x00000000ebc80000)
 ParOldGen       total 699392K, used 486663K [0x00000000c0000000, 0x00000000eab00000, 0x00000000eab00000)
  object space 699392K, 69% used [0x00000000c0000000,0x00000000ddb41ef8,0x00000000eab00000)
 Metaspace       used 66689K, committed 68160K, reserved 1114112K
  class space    used 8040K, committed 8704K, reserved 1048576K
}
Event: 27.776 GC heap before
{Heap before GC invocations=571 (full 3):
 PSYoungGen      total 10240K, used 9120K [0x00000000eab00000, 0x00000000ebc80000, 0x0000000100000000)
  eden space 8704K, 100% used [0x00000000eab00000,0x00000000eb380000,0x00000000eb380000)
  from space 1536K, 27% used [0x00000000eb980000,0x00000000eb9e8000,0x00000000ebb00000)
  to   space 1024K, 0% used [0x00000000ebb80000,0x00000000ebb80000,0x00000000ebc80000)
 ParOldGen       total 699392K, used 486663K [0x00000000c0000000, 0x00000000eab00000, 0x00000000eab00000)
  object space 699392K, 69% used [0x00000000c0000000,0x00000000ddb41ef8,0x00000000eab00000)
 Metaspace       used 66689K, committed 68160K, reserved 1114112K
  class space    used 8040K, committed 8704K, reserved 1048576K
}
Event: 27.777 GC heap after
{Heap after GC invocations=571 (full 3):
 PSYoungGen      total 9216K, used 288K [0x00000000eab00000, 0x00000000ebc00000, 0x0000000100000000)
  eden space 8704K, 0% used [0x00000000eab00000,0x00000000eab00000,0x00000000eb380000)
  from space 512K, 56% used [0x00000000ebb80000,0x00000000ebbc8000,0x00000000ebc00000)
  to   space 512K, 0% used [0x00000000ebb00000,0x00000000ebb00000,0x00000000ebb80000)
 ParOldGen       total 699392K, used 486759K [0x00000000c0000000, 0x00000000eab00000, 0x00000000eab00000)
  object space 699392K, 69% used [0x00000000c0000000,0x00000000ddb59ef8,0x00000000eab00000)
 Metaspace       used 66689K, committed 68160K, reserved 1114112K
  class space    used 8040K, committed 8704K, reserved 1048576K
}
Event: 27.944 GC heap before
{Heap before GC invocations=572 (full 3):
 PSYoungGen      total 9216K, used 8992K [0x00000000eab00000, 0x00000000ebc00000, 0x0000000100000000)
  eden space 8704K, 100% used [0x00000000eab00000,0x00000000eb380000,0x00000000eb380000)
  from space 512K, 56% used [0x00000000ebb80000,0x00000000ebbc8000,0x00000000ebc00000)
  to   space 512K, 0% used [0x00000000ebb00000,0x00000000ebb00000,0x00000000ebb80000)
 ParOldGen       total 699392K, used 486759K [0x00000000c0000000, 0x00000000eab00000, 0x00000000eab00000)
  object space 699392K, 69% used [0x00000000c0000000,0x00000000ddb59ef8,0x00000000eab00000)
 Metaspace       used 66697K, committed 68160K, reserved 1114112K
  class space    used 8040K, committed 8704K, reserved 1048576K
}
Event: 27.944 GC heap after
{Heap after GC invocations=572 (full 3):
 PSYoungGen      total 9216K, used 288K [0x00000000eab00000, 0x00000000ebc00000, 0x0000000100000000)
  eden space 8704K, 0% used [0x00000000eab00000,0x00000000eab00000,0x00000000eb380000)
  from space 512K, 56% used [0x00000000ebb00000,0x00000000ebb48000,0x00000000ebb80000)
  to   space 512K, 0% used [0x00000000ebb80000,0x00000000ebb80000,0x00000000ebc00000)
 ParOldGen       total 699392K, used 486799K [0x00000000c0000000, 0x00000000eab00000, 0x00000000eab00000)
  object space 699392K, 69% used [0x00000000c0000000,0x00000000ddb63ef8,0x00000000eab00000)
 Metaspace       used 66697K, committed 68160K, reserved 1114112K
  class space    used 8040K, committed 8704K, reserved 1048576K
}
Event: 28.103 GC heap before
{Heap before GC invocations=573 (full 3):
 PSYoungGen      total 9216K, used 8992K [0x00000000eab00000, 0x00000000ebc00000, 0x0000000100000000)
  eden space 8704K, 100% used [0x00000000eab00000,0x00000000eb380000,0x00000000eb380000)
  from space 512K, 56% used [0x00000000ebb00000,0x00000000ebb48000,0x00000000ebb80000)
  to   space 512K, 0% used [0x00000000ebb80000,0x00000000ebb80000,0x00000000ebc00000)
 ParOldGen       total 699392K, used 486799K [0x00000000c0000000, 0x00000000eab00000, 0x00000000eab00000)
  object space 699392K, 69% used [0x00000000c0000000,0x00000000ddb63ef8,0x00000000eab00000)
 Metaspace       used 66901K, committed 68352K, reserved 1114112K
  class space    used 8061K, committed 8704K, reserved 1048576K
}
Event: 28.104 GC heap after
{Heap after GC invocations=573 (full 3):
 PSYoungGen      total 9216K, used 512K [0x00000000eab00000, 0x00000000ebc00000, 0x0000000100000000)
  eden space 8704K, 0% used [0x00000000eab00000,0x00000000eab00000,0x00000000eb380000)
  from space 512K, 100% used [0x00000000ebb80000,0x00000000ebc00000,0x00000000ebc00000)
  to   space 1024K, 0% used [0x00000000eba00000,0x00000000eba00000,0x00000000ebb00000)
 ParOldGen       total 699392K, used 486863K [0x00000000c0000000, 0x00000000eab00000, 0x00000000eab00000)
  object space 699392K, 69% used [0x00000000c0000000,0x00000000ddb73ef8,0x00000000eab00000)
 Metaspace       used 66901K, committed 68352K, reserved 1114112K
  class space    used 8061K, committed 8704K, reserved 1048576K
}
Event: 28.154 GC heap before
{Heap before GC invocations=574 (full 3):
 PSYoungGen      total 9216K, used 9215K [0x00000000eab00000, 0x00000000ebc00000, 0x0000000100000000)
  eden space 8704K, 99% used [0x00000000eab00000,0x00000000eb37ffd8,0x00000000eb380000)
  from space 512K, 100% used [0x00000000ebb80000,0x00000000ebc00000,0x00000000ebc00000)
  to   space 1024K, 0% used [0x00000000eba00000,0x00000000eba00000,0x00000000ebb00000)
 ParOldGen       total 699392K, used 486863K [0x00000000c0000000, 0x00000000eab00000, 0x00000000eab00000)
  object space 699392K, 69% used [0x00000000c0000000,0x00000000ddb73ef8,0x00000000eab00000)
 Metaspace       used 67371K, committed 68736K, reserved 1114112K
  class space    used 8114K, committed 8704K, reserved 1048576K
}
Event: 29.155 GC heap after
{Heap after GC invocations=574 (full 3):
 PSYoungGen      total 9728K, used 1006K [0x00000000eab00000, 0x00000000ebd80000, 0x0000000100000000)
  eden space 8704K, 0% used [0x00000000eab00000,0x00000000eab00000,0x00000000eb380000)
  from space 1024K, 98% used [0x00000000eba00000,0x00000000ebafbb90,0x00000000ebb00000)
  to   space 2560K, 0% used [0x00000000ebb00000,0x00000000ebb00000,0x00000000ebd80000)
 ParOldGen       total 699392K, used 489880K [0x00000000c0000000, 0x00000000eab00000, 0x00000000eab00000)
  object space 699392K, 70% used [0x00000000c0000000,0x00000000dde660a0,0x00000000eab00000)
 Metaspace       used 67371K, committed 68736K, reserved 1114112K
  class space    used 8114K, committed 8704K, reserved 1048576K
}

