# JRE version: OpenJDK Runtime Environment Temurin-11.0.26+4 (11.0.26+4) (build 11.0.26+4)
# Java VM: OpenJDK 64-Bit Server VM Temurin-11.0.26+4 (11.0.26+4, mixed mode, tiered, compressed oops, g1 gc, windows-amd64)
Heap:
 garbage-first heap   total 258048K, used 55822K [0x0000000080000000, 0x0000000100000000)
  region size 1024K, 27 young (27648K), 15 survivors (15360K)
 Metaspace       used 66689K, capacity 69106K, committed 69248K, reserved 577536K
  class space    used 8678K, capacity 9532K, committed 9600K, reserved 516096K
GC Heap History (18 events):
Event: 0.322 GC heap before
{Heap before GC invocations=0 (full 0):
 garbage-first heap   total 258048K, used 23552K [0x0000000080000000, 0x0000000100000000)
  region size 1024K, 24 young (24576K), 0 survivors (0K)
 Metaspace       used 7326K, capacity 7393K, committed 7680K, reserved 524288K
  class space    used 621K, capacity 657K, committed 768K, reserved 516096K
}
Event: 0.325 GC heap after
{Heap after GC invocations=1 (full 0):
 garbage-first heap   total 258048K, used 2714K [0x0000000080000000, 0x0000000100000000)
  region size 1024K, 3 young (3072K), 3 survivors (3072K)
 Metaspace       used 7326K, capacity 7393K, committed 7680K, reserved 524288K
  class space    used 621K, capacity 657K, committed 768K, reserved 516096K
}
Event: 5.658 GC heap before
{Heap before GC invocations=1 (full 0):
 garbage-first heap   total 258048K, used 158362K [0x0000000080000000, 0x0000000100000000)
  region size 1024K, 151 young (154624K), 3 survivors (3072K)
 Metaspace       used 19013K, capacity 19380K, committed 19456K, reserved 534528K
  class space    used 2123K, capacity 2260K, committed 2304K, reserved 516096K
}
Event: 5.664 GC heap after
{Heap after GC invocations=2 (full 0):
 garbage-first heap   total 258048K, used 18866K [0x0000000080000000, 0x0000000100000000)
  region size 1024K, 15 young (15360K), 15 survivors (15360K)
 Metaspace       used 19013K, capacity 19380K, committed 19456K, reserved 534528K
  class space    used 2123K, capacity 2260K, committed 2304K, reserved 516096K
}
Event: 5.827 GC heap before
{Heap before GC invocations=2 (full 0):
 garbage-first heap   total 258048K, used 37298K [0x0000000080000000, 0x0000000100000000)
  region size 1024K, 34 young (34816K), 15 survivors (15360K)
 Metaspace       used 20788K, capacity 21132K, committed 21248K, reserved 536576K
  class space    used 2365K, capacity 2504K, committed 2560K, reserved 516096K
}
Event: 5.834 GC heap after
{Heap after GC invocations=3 (full 0):
 garbage-first heap   total 258048K, used 19848K [0x0000000080000000, 0x0000000100000000)
  region size 1024K, 2 young (2048K), 2 survivors (2048K)
 Metaspace       used 20788K, capacity 21132K, committed 21248K, reserved 536576K
  class space    used 2365K, capacity 2504K, committed 2560K, reserved 516096K
}
Event: 6.646 GC heap before
{Heap before GC invocations=4 (full 0):
 garbage-first heap   total 258048K, used 162184K [0x0000000080000000, 0x0000000100000000)
  region size 1024K, 142 young (145408K), 2 survivors (2048K)
 Metaspace       used 29888K, capacity 30552K, committed 30592K, reserved 542720K
  class space    used 3706K, capacity 3966K, committed 3968K, reserved 516096K
}
Event: 6.648 GC heap after
{Heap after GC invocations=5 (full 0):
 garbage-first heap   total 258048K, used 22631K [0x0000000080000000, 0x0000000100000000)
  region size 1024K, 4 young (4096K), 4 survivors (4096K)
 Metaspace       used 29888K, capacity 30552K, committed 30592K, reserved 542720K
  class space    used 3706K, capacity 3966K, committed 3968K, reserved 516096K
}
Event: 7.028 GC heap before
{Heap before GC invocations=5 (full 0):
 garbage-first heap   total 258048K, used 82023K [0x0000000080000000, 0x0000000100000000)
  region size 1024K, 64 young (65536K), 4 survivors (4096K)
 Metaspace       used 34868K, capacity 35754K, committed 35840K, reserved 548864K
  class space    used 4418K, capacity 4778K, committed 4864K, reserved 516096K
}
Event: 7.033 GC heap after
{Heap after GC invocations=6 (full 0):
 garbage-first heap   total 258048K, used 26232K [0x0000000080000000, 0x0000000100000000)
  region size 1024K, 8 young (8192K), 8 survivors (8192K)
 Metaspace       used 34868K, capacity 35754K, committed 35840K, reserved 548864K
  class space    used 4418K, capacity 4778K, committed 4864K, reserved 516096K
}
Event: 7.766 GC heap before
{Heap before GC invocations=7 (full 0):
 garbage-first heap   total 258048K, used 152184K [0x0000000080000000, 0x0000000100000000)
  region size 1024K, 131 young (134144K), 8 survivors (8192K)
 Metaspace       used 44982K, capacity 46268K, committed 46592K, reserved 557056K
  class space    used 5794K, capacity 6281K, committed 6400K, reserved 516096K
}
Event: 7.769 GC heap after
{Heap after GC invocations=8 (full 0):
 garbage-first heap   total 258048K, used 30862K [0x0000000080000000, 0x0000000100000000)
  region size 1024K, 12 young (12288K), 12 survivors (12288K)
 Metaspace       used 44982K, capacity 46268K, committed 46592K, reserved 557056K
  class space    used 5794K, capacity 6281K, committed 6400K, reserved 516096K
}
Event: 8.540 GC heap before
{Heap before GC invocations=8 (full 0):
 garbage-first heap   total 258048K, used 166030K [0x0000000080000000, 0x0000000100000000)
  region size 1024K, 140 young (143360K), 12 survivors (12288K)
 Metaspace       used 52009K, capacity 53704K, committed 53888K, reserved 563200K
  class space    used 6613K, capacity 7241K, committed 7296K, reserved 516096K
}
Event: 8.546 GC heap after
{Heap after GC invocations=9 (full 0):
 garbage-first heap   total 258048K, used 38157K [0x0000000080000000, 0x0000000100000000)
  region size 1024K, 16 young (16384K), 16 survivors (16384K)
 Metaspace       used 52009K, capacity 53704K, committed 53888K, reserved 563200K
  class space    used 6613K, capacity 7241K, committed 7296K, reserved 516096K
}
Event: 9.180 GC heap before
{Heap before GC invocations=9 (full 0):
 garbage-first heap   total 258048K, used 147725K [0x0000000080000000, 0x0000000100000000)
  region size 1024K, 123 young (125952K), 16 survivors (16384K)
 Metaspace       used 57935K, capacity 60015K, committed 60160K, reserved 569344K
  class space    used 7456K, capacity 8234K, committed 8320K, reserved 516096K
}
Event: 9.190 GC heap after
{Heap after GC invocations=10 (full 0):
 garbage-first heap   total 258048K, used 41869K [0x0000000080000000, 0x0000000100000000)
  region size 1024K, 11 young (11264K), 11 survivors (11264K)
 Metaspace       used 57935K, capacity 60015K, committed 60160K, reserved 569344K
  class space    used 7456K, capacity 8234K, committed 8320K, reserved 516096K
}
Event: 10.074 GC heap before
{Heap before GC invocations=11 (full 0):
 garbage-first heap   total 258048K, used 180109K [0x0000000080000000, 0x0000000100000000)
  region size 1024K, 146 young (149504K), 11 survivors (11264K)
 Metaspace       used 66125K, capacity 68500K, committed 68608K, reserved 575488K
  class space    used 8602K, capacity 9394K, committed 9472K, reserved 516096K
}
Event: 10.080 GC heap after
{Heap after GC invocations=12 (full 0):
 garbage-first heap   total 258048K, used 44558K [0x0000000080000000, 0x0000000100000000)
  region size 1024K, 15 young (15360K), 15 survivors (15360K)
 Metaspace       used 66125K, capacity 68500K, committed 68608K, reserved 575488K
  class space    used 8602K, capacity 9394K, committed 9472K, reserved 516096K
}

