# JRE version: OpenJDK Runtime Environment Temurin-17.0.14+7 (17.0.14+7) (build 17.0.14+7)
# Java VM: OpenJDK 64-Bit Server VM Temurin-17.0.14+7 (17.0.14+7, mixed mode, sharing, tiered, compressed oops, compressed class ptrs, g1 gc, windows-amd64)
GC Precious Log:
 CPUs: 20 total, 20 available
 Memory: 16004M
 Large Page Support: Disabled
 NUMA Support: Disabled
 Compressed Oops: Enabled (32-bit)
 Heap Region Size: 1M
 Heap Min Capacity: 8M
 Heap Initial Capacity: 252M
 Heap Max Capacity: 2G
 Pre-touch: Disabled
 Parallel Workers: 15
 Concurrent Workers: 4
 Concurrent Refinement Workers: 15
 Periodic GC: Disabled
Heap:
 garbage-first heap   total 122880K, used 98244K [0x0000000080000000, 0x0000000100000000)
  region size 1024K, 33 young (33792K), 1 survivors (1024K)
 Metaspace       used 68605K, committed 69376K, reserved 491520K
  class space    used 9686K, committed 10048K, reserved 425984K
GC Heap History (20 events):
Event: 3.843 GC heap before
{Heap before GC invocations=13 (full 0):
 garbage-first heap   total 100352K, used 79424K [0x0000000080000000, 0x0000000100000000)
  region size 1024K, 47 young (48128K), 6 survivors (6144K)
 Metaspace       used 50301K, committed 50816K, reserved 491520K
  class space    used 7061K, committed 7296K, reserved 425984K
}
Event: 3.845 GC heap after
{Heap after GC invocations=14 (full 0):
 garbage-first heap   total 100352K, used 39898K [0x0000000080000000, 0x0000000100000000)
  region size 1024K, 6 young (6144K), 6 survivors (6144K)
 Metaspace       used 50301K, committed 50816K, reserved 491520K
  class space    used 7061K, committed 7296K, reserved 425984K
}
Event: 4.157 GC heap before
{Heap before GC invocations=14 (full 0):
 garbage-first heap   total 100352K, used 78810K [0x0000000080000000, 0x0000000100000000)
  region size 1024K, 45 young (46080K), 6 survivors (6144K)
 Metaspace       used 52687K, committed 53312K, reserved 491520K
  class space    used 7385K, committed 7680K, reserved 425984K
}
Event: 4.160 GC heap after
{Heap after GC invocations=15 (full 0):
 garbage-first heap   total 100352K, used 43190K [0x0000000080000000, 0x0000000100000000)
  region size 1024K, 6 young (6144K), 6 survivors (6144K)
 Metaspace       used 52687K, committed 53312K, reserved 491520K
  class space    used 7385K, committed 7680K, reserved 425984K
}
Event: 4.451 GC heap before
{Heap before GC invocations=15 (full 0):
 garbage-first heap   total 100352K, used 86198K [0x0000000080000000, 0x0000000100000000)
  region size 1024K, 42 young (43008K), 6 survivors (6144K)
 Metaspace       used 55808K, committed 56512K, reserved 491520K
  class space    used 7792K, committed 8128K, reserved 425984K
}
Event: 4.454 GC heap after
{Heap after GC invocations=16 (full 0):
 garbage-first heap   total 100352K, used 53701K [0x0000000080000000, 0x0000000100000000)
  region size 1024K, 5 young (5120K), 5 survivors (5120K)
 Metaspace       used 55808K, committed 56512K, reserved 491520K
  class space    used 7792K, committed 8128K, reserved 425984K
}
Event: 4.625 GC heap before
{Heap before GC invocations=16 (full 0):
 garbage-first heap   total 100352K, used 80325K [0x0000000080000000, 0x0000000100000000)
  region size 1024K, 31 young (31744K), 5 survivors (5120K)
 Metaspace       used 57719K, committed 58368K, reserved 491520K
  class space    used 8072K, committed 8384K, reserved 425984K
}
Event: 4.627 GC heap after
{Heap after GC invocations=17 (full 0):
 garbage-first heap   total 100352K, used 55086K [0x0000000080000000, 0x0000000100000000)
  region size 1024K, 2 young (2048K), 2 survivors (2048K)
 Metaspace       used 57719K, committed 58368K, reserved 491520K
  class space    used 8072K, committed 8384K, reserved 425984K
}
Event: 4.793 GC heap before
{Heap before GC invocations=18 (full 0):
 garbage-first heap   total 100352K, used 80686K [0x0000000080000000, 0x0000000100000000)
  region size 1024K, 28 young (28672K), 2 survivors (2048K)
 Metaspace       used 59737K, committed 60416K, reserved 491520K
  class space    used 8388K, committed 8704K, reserved 425984K
}
Event: 4.795 GC heap after
{Heap after GC invocations=19 (full 0):
 garbage-first heap   total 100352K, used 55564K [0x0000000080000000, 0x0000000100000000)
  region size 1024K, 2 young (2048K), 2 survivors (2048K)
 Metaspace       used 59737K, committed 60416K, reserved 491520K
  class space    used 8388K, committed 8704K, reserved 425984K
}
Event: 4.951 GC heap before
{Heap before GC invocations=19 (full 0):
 garbage-first heap   total 100352K, used 78092K [0x0000000080000000, 0x0000000100000000)
  region size 1024K, 25 young (25600K), 2 survivors (2048K)
 Metaspace       used 61458K, committed 62144K, reserved 491520K
  class space    used 8691K, committed 9024K, reserved 425984K
}
Event: 4.953 GC heap after
{Heap after GC invocations=20 (full 0):
 garbage-first heap   total 100352K, used 56353K [0x0000000080000000, 0x0000000100000000)
  region size 1024K, 3 young (3072K), 3 survivors (3072K)
 Metaspace       used 61458K, committed 62144K, reserved 491520K
  class space    used 8691K, committed 9024K, reserved 425984K
}
Event: 5.135 GC heap before
{Heap before GC invocations=21 (full 0):
 garbage-first heap   total 102400K, used 87073K [0x0000000080000000, 0x0000000100000000)
  region size 1024K, 30 young (30720K), 3 survivors (3072K)
 Metaspace       used 62807K, committed 63488K, reserved 491520K
  class space    used 8892K, committed 9216K, reserved 425984K
}
Event: 5.136 GC heap after
{Heap after GC invocations=22 (full 0):
 garbage-first heap   total 102400K, used 60852K [0x0000000080000000, 0x0000000100000000)
  region size 1024K, 3 young (3072K), 3 survivors (3072K)
 Metaspace       used 62807K, committed 63488K, reserved 491520K
  class space    used 8892K, committed 9216K, reserved 425984K
}
Event: 5.336 GC heap before
{Heap before GC invocations=22 (full 0):
 garbage-first heap   total 102400K, used 85428K [0x0000000080000000, 0x0000000100000000)
  region size 1024K, 28 young (28672K), 3 survivors (3072K)
 Metaspace       used 63933K, committed 64576K, reserved 491520K
  class space    used 9064K, committed 9408K, reserved 425984K
}
Event: 5.338 GC heap after
{Heap after GC invocations=23 (full 0):
 garbage-first heap   total 122880K, used 63008K [0x0000000080000000, 0x0000000100000000)
  region size 1024K, 4 young (4096K), 4 survivors (4096K)
 Metaspace       used 63933K, committed 64576K, reserved 491520K
  class space    used 9064K, committed 9408K, reserved 425984K
}
Event: 5.682 GC heap before
{Heap before GC invocations=24 (full 0):
 garbage-first heap   total 122880K, used 99872K [0x0000000080000000, 0x0000000100000000)
  region size 1024K, 40 young (40960K), 4 survivors (4096K)
 Metaspace       used 65850K, committed 66624K, reserved 491520K
  class space    used 9306K, committed 9664K, reserved 425984K
}
Event: 5.684 GC heap after
{Heap after GC invocations=25 (full 0):
 garbage-first heap   total 122880K, used 66226K [0x0000000080000000, 0x0000000100000000)
  region size 1024K, 5 young (5120K), 5 survivors (5120K)
 Metaspace       used 65850K, committed 66624K, reserved 491520K
  class space    used 9306K, committed 9664K, reserved 425984K
}
Event: 5.691 GC heap before
{Heap before GC invocations=25 (full 0):
 garbage-first heap   total 122880K, used 67250K [0x0000000080000000, 0x0000000100000000)
  region size 1024K, 6 young (6144K), 5 survivors (5120K)
 Metaspace       used 65932K, committed 66688K, reserved 491520K
  class space    used 9322K, committed 9664K, reserved 425984K
}
Event: 5.694 GC heap after
{Heap after GC invocations=26 (full 0):
 garbage-first heap   total 122880K, used 66500K [0x0000000080000000, 0x0000000100000000)
  region size 1024K, 1 young (1024K), 1 survivors (1024K)
 Metaspace       used 65932K, committed 66688K, reserved 491520K
  class space    used 9322K, committed 9664K, reserved 425984K
}

