# JRE version: OpenJDK Runtime Environment Temurin-17.0.14+7 (17.0.14+7) (build 17.0.14+7)
# Java VM: OpenJDK 64-Bit Server VM Temurin-17.0.14+7 (17.0.14+7, mixed mode, sharing, tiered, compressed oops, compressed class ptrs, g1 gc, windows-amd64)
GC Precious Log:
 CPUs: 20 total, 20 available
 Memory: 16004M
 Large Page Support: Disabled
 NUMA Support: Disabled
 Compressed Oops: Enabled (32-bit)
 Heap Region Size: 1M
 Heap Min Capacity: 8M
 Heap Initial Capacity: 252M
 Heap Max Capacity: 2G
 Pre-touch: Disabled
 Parallel Workers: 15
 Concurrent Workers: 4
 Concurrent Refinement Workers: 15
 Periodic GC: Disabled
Heap:
 garbage-first heap   total 245760K, used 148328K [0x0000000080000000, 0x0000000100000000)
  region size 1024K, 42 young (43008K), 4 survivors (4096K)
 Metaspace       used 88035K, committed 88960K, reserved 557056K
  class space    used 12201K, committed 12672K, reserved 425984K
GC Heap History (20 events):
Event: 17.357 GC heap before
{Heap before GC invocations=36 (full 0):
 garbage-first heap   total 113664K, used 89899K [0x0000000080000000, 0x0000000100000000)
  region size 1024K, 26 young (26624K), 1 survivors (1024K)
 Metaspace       used 67332K, committed 68160K, reserved 491520K
  class space    used 9518K, committed 9920K, reserved 425984K
}
Event: 17.360 GC heap after
{Heap after GC invocations=37 (full 0):
 garbage-first heap   total 113664K, used 66659K [0x0000000080000000, 0x0000000100000000)
  region size 1024K, 2 young (2048K), 2 survivors (2048K)
 Metaspace       used 67332K, committed 68160K, reserved 491520K
  class space    used 9518K, committed 9920K, reserved 425984K
}
Event: 18.707 GC heap before
{Heap before GC invocations=38 (full 0):
 garbage-first heap   total 114688K, used 92259K [0x0000000080000000, 0x0000000100000000)
  region size 1024K, 27 young (27648K), 2 survivors (2048K)
 Metaspace       used 69293K, committed 70144K, reserved 491520K
  class space    used 9788K, committed 10176K, reserved 425984K
}
Event: 18.711 GC heap after
{Heap after GC invocations=39 (full 0):
 garbage-first heap   total 114688K, used 68968K [0x0000000080000000, 0x0000000100000000)
  region size 1024K, 4 young (4096K), 4 survivors (4096K)
 Metaspace       used 69293K, committed 70144K, reserved 491520K
  class space    used 9788K, committed 10176K, reserved 425984K
}
Event: 18.719 GC heap before
{Heap before GC invocations=39 (full 0):
 garbage-first heap   total 114688K, used 68968K [0x0000000080000000, 0x0000000100000000)
  region size 1024K, 5 young (5120K), 4 survivors (4096K)
 Metaspace       used 69331K, committed 70144K, reserved 491520K
  class space    used 9795K, committed 10176K, reserved 425984K
}
Event: 18.722 GC heap after
{Heap after GC invocations=40 (full 0):
 garbage-first heap   total 114688K, used 68490K [0x0000000080000000, 0x0000000100000000)
  region size 1024K, 1 young (1024K), 1 survivors (1024K)
 Metaspace       used 69331K, committed 70144K, reserved 491520K
  class space    used 9795K, committed 10176K, reserved 425984K
}
Event: 19.636 GC heap before
{Heap before GC invocations=40 (full 0):
 garbage-first heap   total 114688K, used 93066K [0x0000000080000000, 0x0000000100000000)
  region size 1024K, 25 young (25600K), 1 survivors (1024K)
 Metaspace       used 71140K, committed 72000K, reserved 491520K
  class space    used 10120K, committed 10560K, reserved 425984K
}
Event: 19.642 GC heap after
{Heap after GC invocations=41 (full 0):
 garbage-first heap   total 114688K, used 71753K [0x0000000080000000, 0x0000000100000000)
  region size 1024K, 4 young (4096K), 4 survivors (4096K)
 Metaspace       used 71140K, committed 72000K, reserved 491520K
  class space    used 10120K, committed 10560K, reserved 425984K
}
Event: 20.235 GC heap before
{Heap before GC invocations=42 (full 0):
 garbage-first heap   total 122880K, used 92233K [0x0000000080000000, 0x0000000100000000)
  region size 1024K, 25 young (25600K), 4 survivors (4096K)
 Metaspace       used 71539K, committed 72384K, reserved 491520K
  class space    used 10156K, committed 10560K, reserved 425984K
}
Event: 20.246 GC heap after
{Heap after GC invocations=43 (full 0):
 garbage-first heap   total 122880K, used 74513K [0x0000000080000000, 0x0000000100000000)
  region size 1024K, 4 young (4096K), 4 survivors (4096K)
 Metaspace       used 71539K, committed 72384K, reserved 491520K
  class space    used 10156K, committed 10560K, reserved 425984K
}
Event: 20.307 GC heap before
{Heap before GC invocations=43 (full 0):
 garbage-first heap   total 122880K, used 76561K [0x0000000080000000, 0x0000000100000000)
  region size 1024K, 6 young (6144K), 4 survivors (4096K)
 Metaspace       used 71674K, committed 72576K, reserved 491520K
  class space    used 10175K, committed 10624K, reserved 425984K
}
Event: 20.317 GC heap after
{Heap after GC invocations=44 (full 0):
 garbage-first heap   total 245760K, used 74808K [0x0000000080000000, 0x0000000100000000)
  region size 1024K, 1 young (1024K), 1 survivors (1024K)
 Metaspace       used 71674K, committed 72576K, reserved 491520K
  class space    used 10175K, committed 10624K, reserved 425984K
}
Event: 22.226 GC heap before
{Heap before GC invocations=44 (full 0):
 garbage-first heap   total 245760K, used 188472K [0x0000000080000000, 0x0000000100000000)
  region size 1024K, 113 young (115712K), 1 survivors (1024K)
 Metaspace       used 73357K, committed 74240K, reserved 491520K
  class space    used 10311K, committed 10752K, reserved 425984K
}
Event: 22.234 GC heap after
{Heap after GC invocations=45 (full 0):
 garbage-first heap   total 245760K, used 82865K [0x0000000080000000, 0x0000000100000000)
  region size 1024K, 9 young (9216K), 9 survivors (9216K)
 Metaspace       used 73357K, committed 74240K, reserved 491520K
  class space    used 10311K, committed 10752K, reserved 425984K
}
Event: 23.670 GC heap before
{Heap before GC invocations=45 (full 0):
 garbage-first heap   total 245760K, used 197553K [0x0000000080000000, 0x0000000100000000)
  region size 1024K, 115 young (117760K), 9 survivors (9216K)
 Metaspace       used 74999K, committed 75840K, reserved 491520K
  class space    used 10515K, committed 10944K, reserved 425984K
}
Event: 23.677 GC heap after
{Heap after GC invocations=46 (full 0):
 garbage-first heap   total 245760K, used 96477K [0x0000000080000000, 0x0000000100000000)
  region size 1024K, 10 young (10240K), 10 survivors (10240K)
 Metaspace       used 74999K, committed 75840K, reserved 491520K
  class space    used 10515K, committed 10944K, reserved 425984K
}
Event: 25.321 GC heap before
{Heap before GC invocations=46 (full 0):
 garbage-first heap   total 245760K, used 196829K [0x0000000080000000, 0x0000000100000000)
  region size 1024K, 104 young (106496K), 10 survivors (10240K)
 Metaspace       used 82040K, committed 82944K, reserved 557056K
  class space    used 11353K, committed 11776K, reserved 425984K
}
Event: 25.327 GC heap after
{Heap after GC invocations=47 (full 0):
 garbage-first heap   total 245760K, used 104984K [0x0000000080000000, 0x0000000100000000)
  region size 1024K, 7 young (7168K), 7 survivors (7168K)
 Metaspace       used 82040K, committed 82944K, reserved 557056K
  class space    used 11353K, committed 11776K, reserved 425984K
}
Event: 26.633 GC heap before
{Heap before GC invocations=47 (full 0):
 garbage-first heap   total 245760K, used 197144K [0x0000000080000000, 0x0000000100000000)
  region size 1024K, 95 young (97280K), 7 survivors (7168K)
 Metaspace       used 87876K, committed 88832K, reserved 557056K
  class space    used 12187K, committed 12672K, reserved 425984K
}
Event: 26.639 GC heap after
{Heap after GC invocations=48 (full 0):
 garbage-first heap   total 245760K, used 110440K [0x0000000080000000, 0x0000000100000000)
  region size 1024K, 4 young (4096K), 4 survivors (4096K)
 Metaspace       used 87876K, committed 88832K, reserved 557056K
  class space    used 12187K, committed 12672K, reserved 425984K
}

