# JRE version: OpenJDK Runtime Environment Temurin-17.0.14+7 (17.0.14+7) (build 17.0.14+7)
# Java VM: OpenJDK 64-Bit Server VM Temurin-17.0.14+7 (17.0.14+7, mixed mode, sharing, tiered, compressed oops, compressed class ptrs, g1 gc, windows-amd64)
GC Precious Log:
 CPUs: 20 total, 20 available
 Memory: 16004M
 Large Page Support: Disabled
 NUMA Support: Disabled
 Compressed Oops: Enabled (32-bit)
 Heap Region Size: 1M
 Heap Min Capacity: 8M
 Heap Initial Capacity: 252M
 Heap Max Capacity: 2G
 Pre-touch: Disabled
 Parallel Workers: 15
 Concurrent Workers: 4
 Concurrent Refinement Workers: 15
 Periodic GC: Disabled
Heap:
 garbage-first heap   total 153600K, used 85106K [0x0000000080000000, 0x0000000100000000)
  region size 1024K, 3 young (3072K), 3 survivors (3072K)
 Metaspace       used 73370K, committed 74240K, reserved 491520K
  class space    used 10313K, committed 10752K, reserved 425984K
GC Heap History (20 events):
Event: 14.104 GC heap after
{Heap after GC invocations=34 (full 0):
 garbage-first heap   total 137216K, used 61323K [0x0000000080000000, 0x0000000100000000)
  region size 1024K, 4 young (4096K), 4 survivors (4096K)
 Metaspace       used 63048K, committed 63744K, reserved 491520K
  class space    used 8930K, committed 9280K, reserved 425984K
}
Event: 15.324 GC heap before
{Heap before GC invocations=34 (full 0):
 garbage-first heap   total 137216K, used 104331K [0x0000000080000000, 0x0000000100000000)
  region size 1024K, 46 young (47104K), 4 survivors (4096K)
 Metaspace       used 64788K, committed 65536K, reserved 491520K
  class space    used 9153K, committed 9536K, reserved 425984K
}
Event: 15.333 GC heap after
{Heap after GC invocations=35 (full 0):
 garbage-first heap   total 137216K, used 65240K [0x0000000080000000, 0x0000000100000000)
  region size 1024K, 6 young (6144K), 6 survivors (6144K)
 Metaspace       used 64788K, committed 65536K, reserved 491520K
  class space    used 9153K, committed 9536K, reserved 425984K
}
Event: 16.852 GC heap before
{Heap before GC invocations=35 (full 0):
 garbage-first heap   total 137216K, used 106200K [0x0000000080000000, 0x0000000100000000)
  region size 1024K, 46 young (47104K), 6 survivors (6144K)
 Metaspace       used 67228K, committed 67968K, reserved 491520K
  class space    used 9502K, committed 9856K, reserved 425984K
}
Event: 16.858 GC heap after
{Heap after GC invocations=36 (full 0):
 garbage-first heap   total 137216K, used 68011K [0x0000000080000000, 0x0000000100000000)
  region size 1024K, 5 young (5120K), 5 survivors (5120K)
 Metaspace       used 67228K, committed 67968K, reserved 491520K
  class space    used 9502K, committed 9856K, reserved 425984K
}
Event: 18.450 GC heap before
{Heap before GC invocations=36 (full 0):
 garbage-first heap   total 137216K, used 106923K [0x0000000080000000, 0x0000000100000000)
  region size 1024K, 44 young (45056K), 5 survivors (5120K)
 Metaspace       used 70398K, committed 71232K, reserved 491520K
  class space    used 10001K, committed 10432K, reserved 425984K
}
Event: 18.456 GC heap after
{Heap after GC invocations=37 (full 0):
 garbage-first heap   total 137216K, used 72442K [0x0000000080000000, 0x0000000100000000)
  region size 1024K, 5 young (5120K), 5 survivors (5120K)
 Metaspace       used 70398K, committed 71232K, reserved 491520K
  class space    used 10001K, committed 10432K, reserved 425984K
}
Event: 19.649 GC heap before
{Heap before GC invocations=38 (full 0):
 garbage-first heap   total 137216K, used 109306K [0x0000000080000000, 0x0000000100000000)
  region size 1024K, 41 young (41984K), 5 survivors (5120K)
 Metaspace       used 71669K, committed 72576K, reserved 491520K
  class space    used 10173K, committed 10624K, reserved 425984K
}
Event: 19.659 GC heap after
{Heap after GC invocations=39 (full 0):
 garbage-first heap   total 137216K, used 76551K [0x0000000080000000, 0x0000000100000000)
  region size 1024K, 5 young (5120K), 5 survivors (5120K)
 Metaspace       used 71669K, committed 72576K, reserved 491520K
  class space    used 10173K, committed 10624K, reserved 425984K
}
Event: 19.683 GC heap before
{Heap before GC invocations=39 (full 0):
 garbage-first heap   total 137216K, used 77575K [0x0000000080000000, 0x0000000100000000)
  region size 1024K, 6 young (6144K), 5 survivors (5120K)
 Metaspace       used 71779K, committed 72640K, reserved 491520K
  class space    used 10184K, committed 10624K, reserved 425984K
}
Event: 19.686 GC heap after
{Heap after GC invocations=40 (full 0):
 garbage-first heap   total 137216K, used 76548K [0x0000000080000000, 0x0000000100000000)
  region size 1024K, 1 young (1024K), 1 survivors (1024K)
 Metaspace       used 71779K, committed 72640K, reserved 491520K
  class space    used 10184K, committed 10624K, reserved 425984K
}
Event: 20.366 GC heap before
{Heap before GC invocations=40 (full 0):
 garbage-first heap   total 137216K, used 110340K [0x0000000080000000, 0x0000000100000000)
  region size 1024K, 34 young (34816K), 1 survivors (1024K)
 Metaspace       used 73073K, committed 73984K, reserved 491520K
  class space    used 10311K, committed 10752K, reserved 425984K
}
Event: 20.370 GC heap after
{Heap after GC invocations=41 (full 0):
 garbage-first heap   total 137216K, used 80669K [0x0000000080000000, 0x0000000100000000)
  region size 1024K, 5 young (5120K), 5 survivors (5120K)
 Metaspace       used 73073K, committed 73984K, reserved 491520K
  class space    used 10311K, committed 10752K, reserved 425984K
}
Event: 20.724 GC heap before
{Heap before GC invocations=42 (full 0):
 garbage-first heap   total 140288K, used 109341K [0x0000000080000000, 0x0000000100000000)
  region size 1024K, 34 young (34816K), 5 survivors (5120K)
 Metaspace       used 73326K, committed 74240K, reserved 491520K
  class space    used 10312K, committed 10752K, reserved 425984K
}
Event: 20.729 GC heap after
{Heap after GC invocations=43 (full 0):
 garbage-first heap   total 140288K, used 83700K [0x0000000080000000, 0x0000000100000000)
  region size 1024K, 4 young (4096K), 4 survivors (4096K)
 Metaspace       used 73326K, committed 74240K, reserved 491520K
  class space    used 10312K, committed 10752K, reserved 425984K
}
Event: 20.740 GC heap before
{Heap before GC invocations=43 (full 0):
 garbage-first heap   total 140288K, used 85748K [0x0000000080000000, 0x0000000100000000)
  region size 1024K, 6 young (6144K), 4 survivors (4096K)
 Metaspace       used 73327K, committed 74240K, reserved 491520K
  class space    used 10312K, committed 10752K, reserved 425984K
}
Event: 20.742 GC heap after
{Heap after GC invocations=44 (full 0):
 garbage-first heap   total 140288K, used 82381K [0x0000000080000000, 0x0000000100000000)
  region size 1024K, 1 young (1024K), 1 survivors (1024K)
 Metaspace       used 73327K, committed 74240K, reserved 491520K
  class space    used 10312K, committed 10752K, reserved 425984K
}
Event: 20.896 GC heap before
{Heap before GC invocations=44 (full 0):
 garbage-first heap   total 140288K, used 113101K [0x0000000080000000, 0x0000000100000000)
  region size 1024K, 32 young (32768K), 1 survivors (1024K)
 Metaspace       used 73363K, committed 74240K, reserved 491520K
  class space    used 10313K, committed 10752K, reserved 425984K
}
Event: 20.899 GC heap after
{Heap after GC invocations=45 (full 0):
 garbage-first heap   total 140288K, used 84355K [0x0000000080000000, 0x0000000100000000)
  region size 1024K, 3 young (3072K), 3 survivors (3072K)
 Metaspace       used 73363K, committed 74240K, reserved 491520K
  class space    used 10313K, committed 10752K, reserved 425984K
}
Event: 21.019 GC heap before
{Heap before GC invocations=46 (full 0):
 garbage-first heap   total 153600K, used 115075K [0x0000000080000000, 0x0000000100000000)
  region size 1024K, 33 young (33792K), 3 survivors (3072K)
 Metaspace       used 73370K, committed 74240K, reserved 491520K
  class space    used 10313K, committed 10752K, reserved 425984K
}

